<?xml version="1.0" encoding="UTF-8"?>
<!-- Generated by org.testng.reporters.JUnitXMLReporter -->
<testsuite hostname="ARPGL001447" ignored="0" name="Test" tests="3" failures="0" timestamp="2021-01-04T18:49:52 IST" time="18.634" errors="0">
  <testcase name="openBrowser" time="2.128" classname="com.selenium.LoginPageTest"/>
  <testcase name="testHomepageTest" time="2.028" classname="com.selenium.HomePageTest"/>
  <testcase name="testHomepage" time="3.727" classname="com.selenium.HomePageTest"/>
</testsuite> <!-- Test -->
