<?xml version="1.0" encoding="UTF-8"?>
<!-- Generated by org.testng.reporters.JUnitXMLReporter -->
<testsuite hostname="ARPGL001447" ignored="0" name="Test" tests="2" failures="2" timestamp="2021-06-15T19:30:57 IST" time="146.27" errors="0">
  <testcase name="verifyNewUser" time="66.252" classname="com.selenium.AdminConsolePageTest">
    <failure type="org.openqa.selenium.ElementClickInterceptedException" message="element click intercepted: Element &amp;lt;a aria-disabled=&amp;quot;false&amp;quot; target=&amp;quot;_self&amp;quot; color=&amp;quot;primary&amp;quot; role=&amp;quot;button&amp;quot; tabindex=&amp;quot;0&amp;quot; class=&amp;quot;sc-djWQLY jdQvrH sc-gIBoTZ hNFqki btn-tertiary &amp;quot; data-id=&amp;quot;CREATE_USER_INIT_CAP&amp;quot;&amp;gt;...&amp;lt;/a&amp;gt; is not clickable at point (1200, 90). Other element would receive the click: &amp;lt;div data-id=&amp;quot;loader&amp;quot; data-test-id=&amp;quot;loader&amp;quot; class=&amp;quot;sc-iJKOzS hiLXog&amp;quot;&amp;gt;...&amp;lt;/div&amp;gt;
  (Session info: chrome=90.0.4430.212)
Build info: version: &amp;apos;4.0.0-alpha-1&amp;apos;, revision: &amp;apos;d1d3728cae&amp;apos;, time: &amp;apos;2019-04-24T13:42:21&amp;apos;
System info: host: &amp;apos;ARPGL001447&amp;apos;, ip: &amp;apos;192.168.0.101&amp;apos;, os.name: &amp;apos;Windows 10&amp;apos;, os.arch: &amp;apos;amd64&amp;apos;, os.version: &amp;apos;10.0&amp;apos;, java.version: &amp;apos;1.8.0_91&amp;apos;
Driver info: org.openqa.selenium.chrome.ChromeDriver
Capabilities {acceptInsecureCerts: false, browserName: chrome, browserVersion: 90.0.4430.212, chrome: {chromedriverVersion: 90.0.4430.24 (4c6d850f087da..., userDataDir: C:\Users\MAYUR_~1\AppData\L...}, goog:chromeOptions: {debuggerAddress: localhost:61795}, javascriptEnabled: true, networkConnectionEnabled: false, pageLoadStrategy: normal, platform: WINDOWS, platformName: WINDOWS, proxy: Proxy(), setWindowRect: true, strictFileInteractability: false, timeouts: {implicit: 0, pageLoad: 300000, script: 30000}, unhandledPromptBehavior: dismiss and notify, webauthn:extension:largeBlob: true, webauthn:virtualAuthenticators: true}
Session ID: 3732708dc8b6f9e79d4e8b729c4be9a5">
      <![CDATA[org.openqa.selenium.ElementClickInterceptedException: element click intercepted: Element <a aria-disabled="false" target="_self" color="primary" role="button" tabindex="0" class="sc-djWQLY jdQvrH sc-gIBoTZ hNFqki btn-tertiary " data-id="CREATE_USER_INIT_CAP">...</a> is not clickable at point (1200, 90). Other element would receive the click: <div data-id="loader" data-test-id="loader" class="sc-iJKOzS hiLXog">...</div>
  (Session info: chrome=90.0.4430.212)
Build info: version: '4.0.0-alpha-1', revision: 'd1d3728cae', time: '2019-04-24T13:42:21'
System info: host: 'ARPGL001447', ip: '192.168.0.101', os.name: 'Windows 10', os.arch: 'amd64', os.version: '10.0', java.version: '1.8.0_91'
Driver info: org.openqa.selenium.chrome.ChromeDriver
Capabilities {acceptInsecureCerts: false, browserName: chrome, browserVersion: 90.0.4430.212, chrome: {chromedriverVersion: 90.0.4430.24 (4c6d850f087da..., userDataDir: C:\Users\MAYUR_~1\AppData\L...}, goog:chromeOptions: {debuggerAddress: localhost:61795}, javascriptEnabled: true, networkConnectionEnabled: false, pageLoadStrategy: normal, platform: WINDOWS, platformName: WINDOWS, proxy: Proxy(), setWindowRect: true, strictFileInteractability: false, timeouts: {implicit: 0, pageLoad: 300000, script: 30000}, unhandledPromptBehavior: dismiss and notify, webauthn:extension:largeBlob: true, webauthn:virtualAuthenticators: true}
Session ID: 3732708dc8b6f9e79d4e8b729c4be9a5
at org.openqa.selenium.remote.codec.w3c.W3CHttpResponseCodec.createException(W3CHttpResponseCodec.java:190)
at org.openqa.selenium.remote.codec.w3c.W3CHttpResponseCodec.decode(W3CHttpResponseCodec.java:124)
at org.openqa.selenium.remote.codec.w3c.W3CHttpResponseCodec.decode(W3CHttpResponseCodec.java:51)
at org.openqa.selenium.remote.HttpCommandExecutor.execute(HttpCommandExecutor.java:161)
at org.openqa.selenium.remote.service.DriverCommandExecutor.execute(DriverCommandExecutor.java:83)
at org.openqa.selenium.remote.RemoteWebDriver.execute(RemoteWebDriver.java:577)
at org.openqa.selenium.remote.RemoteWebElement.execute(RemoteWebElement.java:308)
at org.openqa.selenium.remote.RemoteWebElement.click(RemoteWebElement.java:83)
at com.selenium.pages.Basepage.click(Basepage.java:15)
at com.selenium.pages.AddUsersPage.createNewUser(AddUsersPage.java:23)
at com.selenium.AdminConsolePageTest.verifyNewUser(AdminConsolePageTest.java:33)
at java.util.concurrent.ThreadPoolExecutor.runWorker(ThreadPoolExecutor.java:1142)
at java.util.concurrent.ThreadPoolExecutor$Worker.run(ThreadPoolExecutor.java:617)
at java.lang.Thread.run(Thread.java:745)
... Removed 16 stack frames]]>
    </failure>
  </testcase> <!-- verifyNewUser -->
  <testcase name="verifyNewUser" time="56.817" classname="com.selenium.AdminConsolePageTest">
    <failure type="org.openqa.selenium.ElementClickInterceptedException" message="element click intercepted: Element &amp;lt;a aria-disabled=&amp;quot;false&amp;quot; target=&amp;quot;_self&amp;quot; color=&amp;quot;primary&amp;quot; role=&amp;quot;button&amp;quot; tabindex=&amp;quot;0&amp;quot; class=&amp;quot;sc-djWQLY jdQvrH sc-gIBoTZ hNFqki btn-tertiary &amp;quot; data-id=&amp;quot;CREATE_USER_INIT_CAP&amp;quot;&amp;gt;...&amp;lt;/a&amp;gt; is not clickable at point (1200, 90). Other element would receive the click: &amp;lt;div data-id=&amp;quot;loader&amp;quot; data-test-id=&amp;quot;loader&amp;quot; class=&amp;quot;sc-iJKOzS hiLXog&amp;quot;&amp;gt;...&amp;lt;/div&amp;gt;
  (Session info: chrome=90.0.4430.212)
Build info: version: &amp;apos;4.0.0-alpha-1&amp;apos;, revision: &amp;apos;d1d3728cae&amp;apos;, time: &amp;apos;2019-04-24T13:42:21&amp;apos;
System info: host: &amp;apos;ARPGL001447&amp;apos;, ip: &amp;apos;192.168.0.101&amp;apos;, os.name: &amp;apos;Windows 10&amp;apos;, os.arch: &amp;apos;amd64&amp;apos;, os.version: &amp;apos;10.0&amp;apos;, java.version: &amp;apos;1.8.0_91&amp;apos;
Driver info: org.openqa.selenium.chrome.ChromeDriver
Capabilities {acceptInsecureCerts: false, browserName: chrome, browserVersion: 90.0.4430.212, chrome: {chromedriverVersion: 90.0.4430.24 (4c6d850f087da..., userDataDir: C:\Users\MAYUR_~1\AppData\L...}, goog:chromeOptions: {debuggerAddress: localhost:61911}, javascriptEnabled: true, networkConnectionEnabled: false, pageLoadStrategy: normal, platform: WINDOWS, platformName: WINDOWS, proxy: Proxy(), setWindowRect: true, strictFileInteractability: false, timeouts: {implicit: 0, pageLoad: 300000, script: 30000}, unhandledPromptBehavior: dismiss and notify, webauthn:extension:largeBlob: true, webauthn:virtualAuthenticators: true}
Session ID: 884d9b90dc311e540ec4768d7ed3abb9">
      <![CDATA[org.openqa.selenium.ElementClickInterceptedException: element click intercepted: Element <a aria-disabled="false" target="_self" color="primary" role="button" tabindex="0" class="sc-djWQLY jdQvrH sc-gIBoTZ hNFqki btn-tertiary " data-id="CREATE_USER_INIT_CAP">...</a> is not clickable at point (1200, 90). Other element would receive the click: <div data-id="loader" data-test-id="loader" class="sc-iJKOzS hiLXog">...</div>
  (Session info: chrome=90.0.4430.212)
Build info: version: '4.0.0-alpha-1', revision: 'd1d3728cae', time: '2019-04-24T13:42:21'
System info: host: 'ARPGL001447', ip: '192.168.0.101', os.name: 'Windows 10', os.arch: 'amd64', os.version: '10.0', java.version: '1.8.0_91'
Driver info: org.openqa.selenium.chrome.ChromeDriver
Capabilities {acceptInsecureCerts: false, browserName: chrome, browserVersion: 90.0.4430.212, chrome: {chromedriverVersion: 90.0.4430.24 (4c6d850f087da..., userDataDir: C:\Users\MAYUR_~1\AppData\L...}, goog:chromeOptions: {debuggerAddress: localhost:61911}, javascriptEnabled: true, networkConnectionEnabled: false, pageLoadStrategy: normal, platform: WINDOWS, platformName: WINDOWS, proxy: Proxy(), setWindowRect: true, strictFileInteractability: false, timeouts: {implicit: 0, pageLoad: 300000, script: 30000}, unhandledPromptBehavior: dismiss and notify, webauthn:extension:largeBlob: true, webauthn:virtualAuthenticators: true}
Session ID: 884d9b90dc311e540ec4768d7ed3abb9
at org.openqa.selenium.remote.codec.w3c.W3CHttpResponseCodec.createException(W3CHttpResponseCodec.java:190)
at org.openqa.selenium.remote.codec.w3c.W3CHttpResponseCodec.decode(W3CHttpResponseCodec.java:124)
at org.openqa.selenium.remote.codec.w3c.W3CHttpResponseCodec.decode(W3CHttpResponseCodec.java:51)
at org.openqa.selenium.remote.HttpCommandExecutor.execute(HttpCommandExecutor.java:161)
at org.openqa.selenium.remote.service.DriverCommandExecutor.execute(DriverCommandExecutor.java:83)
at org.openqa.selenium.remote.RemoteWebDriver.execute(RemoteWebDriver.java:577)
at org.openqa.selenium.remote.RemoteWebElement.execute(RemoteWebElement.java:308)
at org.openqa.selenium.remote.RemoteWebElement.click(RemoteWebElement.java:83)
at com.selenium.pages.Basepage.click(Basepage.java:15)
at com.selenium.pages.AddUsersPage.createNewUser(AddUsersPage.java:23)
at com.selenium.AdminConsolePageTest.verifyNewUser(AdminConsolePageTest.java:33)
at java.util.concurrent.ThreadPoolExecutor.runWorker(ThreadPoolExecutor.java:1142)
at java.util.concurrent.ThreadPoolExecutor$Worker.run(ThreadPoolExecutor.java:617)
at java.lang.Thread.run(Thread.java:745)
... Removed 16 stack frames]]>
    </failure>
  </testcase> <!-- verifyNewUser -->
</testsuite> <!-- Test -->
