<?xml version="1.0" encoding="UTF-8"?>
<!-- Generated by org.testng.reporters.JUnitXMLReporter -->
<testsuite hostname="ARPGL001447" ignored="0" name="Test" tests="4" failures="2" timestamp="2021-06-11T15:32:40 IST" time="169.54" errors="0">
  <testcase name="newtest" time="0.013" classname="com.selenium.AccountManagerLoginPageTest">
    <failure type="java.lang.NullPointerException">
      <![CDATA[java.lang.NullPointerException
at com.selenium.listeners.ListnerClass.onTestStart(ListnerClass.java:21)
at java.util.concurrent.ThreadPoolExecutor.runWorker(ThreadPoolExecutor.java:1142)
at java.util.concurrent.ThreadPoolExecutor$Worker.run(ThreadPoolExecutor.java:617)
at java.lang.Thread.run(Thread.java:745)
... Removed 9 stack frames]]>
    </failure>
  </testcase> <!-- newtest -->
  <testcase name="newtest" time="0.002" classname="com.selenium.AccountManagerLoginPageTest">
    <failure type="java.lang.NullPointerException">
      <![CDATA[java.lang.NullPointerException
at com.selenium.listeners.ListnerClass.onTestStart(ListnerClass.java:21)
at java.util.concurrent.ThreadPoolExecutor.runWorker(ThreadPoolExecutor.java:1142)
at java.util.concurrent.ThreadPoolExecutor$Worker.run(ThreadPoolExecutor.java:617)
at java.lang.Thread.run(Thread.java:745)
... Removed 9 stack frames]]>
    </failure>
  </testcase> <!-- newtest -->
  <testcase name="verifyNewUser" time="72.334" classname="com.selenium.AdminConsolePageTest"/>
  <testcase name="verifyNewUser" time="61.88" classname="com.selenium.AdminConsolePageTest"/>
</testsuite> <!-- Test -->
