<?xml version="1.0" encoding="UTF-8"?>
<testng-results skipped="0" failed="1" ignored="1" total="3" passed="1">
  <reporter-output>
  </reporter-output>
  <suite name="Suite" duration-ms="33887" started-at="2021-07-02T11:13:50 IST" finished-at="2021-07-02T11:14:24 IST">
    <groups>
    </groups>
    <test name="Test" duration-ms="33887" started-at="2021-07-02T11:13:50 IST" finished-at="2021-07-02T11:14:24 IST">
      <class name="com.selenium.AccountManagerLoginPageTest">
        <test-method status="PASS" signature="deleteElasticSearchIndex()[pri:0, instance:com.selenium.AccountManagerLoginPageTest@613a8ee1]" name="deleteElasticSearchIndex" is-config="true" duration-ms="2284" started-at="2021-07-02T11:13:47 IST" finished-at="2021-07-02T11:13:50 IST">
          <reporter-output>
          </reporter-output>
        </test-method> <!-- deleteElasticSearchIndex -->
        <test-method status="PASS" signature="setup([Ljava.lang.Object;)[pri:0, instance:com.selenium.AccountManagerLoginPageTest@613a8ee1]" name="setup" is-config="true" duration-ms="5209" started-at="2021-07-02T11:13:51 IST" finished-at="2021-07-02T11:13:56 IST">
          <params>
            <param index="0">
              <value>
                <![CDATA[[Ljava.lang.Object;@3c380bd8]]>
              </value>
            </param>
          </params>
          <reporter-output>
          </reporter-output>
        </test-method> <!-- setup -->
        <test-method status="FAIL" signature="loginlogoutTest(java.util.Map)[pri:0, instance:com.selenium.AccountManagerLoginPageTest@613a8ee1]" name="loginlogoutTest" duration-ms="3058" started-at="2021-07-02T11:13:56 IST" description="To verify login logout functionality" finished-at="2021-07-02T11:13:59 IST">
          <params>
            <param index="0">
              <value>
                <![CDATA[{password=admin123, firstname=, browser=chrome, run=yes, testname=loginlogoutTest, menu=, version=, primaryemail=, username=admin, lastname=}]]>
              </value>
            </param>
          </params>
          <exception class="org.openqa.selenium.ElementNotInteractableException">
            <message>
              <![CDATA[element not interactable
  (Session info: chrome=91.0.4472.77)
Build info: version: '4.0.0-alpha-1', revision: 'd1d3728cae', time: '2019-04-24T13:42:21'
System info: host: 'ARPGL001447', ip: '10.196.155.252', os.name: 'Windows 10', os.arch: 'amd64', os.version: '10.0', java.version: '1.8.0_91'
Driver info: org.openqa.selenium.remote.RemoteWebDriver
Capabilities {acceptInsecureCerts: false, browserName: chrome, browserVersion: 91.0.4472.77, chrome: {chromedriverVersion: 91.0.4472.19 (1bf021f248676..., userDataDir: /tmp/.com.google.Chrome.vCSjt5}, goog:chromeOptions: {debuggerAddress: localhost:35551}, javascriptEnabled: true, networkConnectionEnabled: false, pageLoadStrategy: normal, platform: LINUX, platformName: LINUX, proxy: Proxy(), setWindowRect: true, strictFileInteractability: false, timeouts: {implicit: 0, pageLoad: 300000, script: 30000}, unhandledPromptBehavior: dismiss and notify, webauthn:extension:largeBlob: true, webauthn:virtualAuthenticators: true, webdriver.remote.sessionid: 6ffac94801dab17d1fdd5788f66...}
Session ID: 6ffac94801dab17d1fdd5788f66f7d17]]>
            </message>
            <full-stacktrace>
              <![CDATA[org.openqa.selenium.ElementNotInteractableException: element not interactable
  (Session info: chrome=91.0.4472.77)
Build info: version: '4.0.0-alpha-1', revision: 'd1d3728cae', time: '2019-04-24T13:42:21'
System info: host: 'ARPGL001447', ip: '10.196.155.252', os.name: 'Windows 10', os.arch: 'amd64', os.version: '10.0', java.version: '1.8.0_91'
Driver info: org.openqa.selenium.remote.RemoteWebDriver
Capabilities {acceptInsecureCerts: false, browserName: chrome, browserVersion: 91.0.4472.77, chrome: {chromedriverVersion: 91.0.4472.19 (1bf021f248676..., userDataDir: /tmp/.com.google.Chrome.vCSjt5}, goog:chromeOptions: {debuggerAddress: localhost:35551}, javascriptEnabled: true, networkConnectionEnabled: false, pageLoadStrategy: normal, platform: LINUX, platformName: LINUX, proxy: Proxy(), setWindowRect: true, strictFileInteractability: false, timeouts: {implicit: 0, pageLoad: 300000, script: 30000}, unhandledPromptBehavior: dismiss and notify, webauthn:extension:largeBlob: true, webauthn:virtualAuthenticators: true, webdriver.remote.sessionid: 6ffac94801dab17d1fdd5788f66...}
Session ID: 6ffac94801dab17d1fdd5788f66f7d17
at sun.reflect.NativeConstructorAccessorImpl.newInstance0(Native Method)
at sun.reflect.NativeConstructorAccessorImpl.newInstance(NativeConstructorAccessorImpl.java:62)
at sun.reflect.DelegatingConstructorAccessorImpl.newInstance(DelegatingConstructorAccessorImpl.java:45)
at java.lang.reflect.Constructor.newInstance(Constructor.java:423)
at org.openqa.selenium.remote.codec.w3c.W3CHttpResponseCodec.createException(W3CHttpResponseCodec.java:190)
at org.openqa.selenium.remote.codec.w3c.W3CHttpResponseCodec.decode(W3CHttpResponseCodec.java:124)
at org.openqa.selenium.remote.codec.w3c.W3CHttpResponseCodec.decode(W3CHttpResponseCodec.java:51)
at org.openqa.selenium.remote.HttpCommandExecutor.execute(HttpCommandExecutor.java:161)
at org.openqa.selenium.remote.RemoteWebDriver.execute(RemoteWebDriver.java:577)
at org.openqa.selenium.remote.RemoteWebElement.execute(RemoteWebElement.java:308)
at org.openqa.selenium.remote.RemoteWebElement.sendKeys(RemoteWebElement.java:107)
at com.selenium.pages.Basepage.sendkeys(Basepage.java:20)
at com.selenium.pages.AccountManagerLoginPage.enterPassword(AccountManagerLoginPage.java:30)
at com.selenium.AccountManagerLoginPageTest.loginlogoutTest(AccountManagerLoginPageTest.java:28)
at sun.reflect.NativeMethodAccessorImpl.invoke0(Native Method)
at sun.reflect.NativeMethodAccessorImpl.invoke(NativeMethodAccessorImpl.java:62)
at sun.reflect.DelegatingMethodAccessorImpl.invoke(DelegatingMethodAccessorImpl.java:43)
at java.lang.reflect.Method.invoke(Method.java:498)
at org.testng.internal.MethodInvocationHelper.invokeMethod(MethodInvocationHelper.java:132)
at org.testng.internal.TestInvoker.invokeMethod(TestInvoker.java:599)
at org.testng.internal.TestInvoker.invokeTestMethod(TestInvoker.java:174)
at org.testng.internal.MethodRunner.runInSequence(MethodRunner.java:46)
at org.testng.internal.TestInvoker$MethodInvocationAgent.invoke(TestInvoker.java:822)
at org.testng.internal.TestInvoker.invokeTestMethods(TestInvoker.java:147)
at org.testng.internal.TestMethodWorker.invokeTestMethods(TestMethodWorker.java:146)
at org.testng.internal.TestMethodWorker.run(TestMethodWorker.java:128)
at java.util.concurrent.ThreadPoolExecutor.runWorker(ThreadPoolExecutor.java:1142)
at java.util.concurrent.ThreadPoolExecutor$Worker.run(ThreadPoolExecutor.java:617)
at java.lang.Thread.run(Thread.java:745)
]]>
            </full-stacktrace>
          </exception> <!-- org.openqa.selenium.ElementNotInteractableException -->
          <reporter-output>
          </reporter-output>
        </test-method> <!-- loginlogoutTest -->
        <test-method status="PASS" signature="tearDown(org.testng.ITestResult)[pri:0, instance:com.selenium.AccountManagerLoginPageTest@613a8ee1]" name="tearDown" is-config="true" duration-ms="921" started-at="2021-07-02T11:14:01 IST" finished-at="2021-07-02T11:14:02 IST">
          <params>
            <param index="0">
              <value>
                <![CDATA[[TestResult name=loginlogoutTest status=FAILURE method=AccountManagerLoginPageTest.loginlogoutTest(java.util.Map)[pri:0, instance:com.selenium.AccountManagerLoginPageTest@613a8ee1] output={null}]]]>
              </value>
            </param>
          </params>
          <reporter-output>
          </reporter-output>
        </test-method> <!-- tearDown -->
        <test-method status="PASS" signature="setup([Ljava.lang.Object;)[pri:0, instance:com.selenium.AccountManagerLoginPageTest@613a8ee1]" name="setup" is-config="true" duration-ms="4474" started-at="2021-07-02T11:14:02 IST" finished-at="2021-07-02T11:14:07 IST">
          <params>
            <param index="0">
              <value>
                <![CDATA[[Ljava.lang.Object;@34b87182]]>
              </value>
            </param>
          </params>
          <reporter-output>
          </reporter-output>
        </test-method> <!-- setup -->
        <test-method status="PASS" signature="loginlogoutTest(java.util.Map)[pri:0, instance:com.selenium.AccountManagerLoginPageTest@613a8ee1]" name="loginlogoutTest" duration-ms="16174" started-at="2021-07-02T11:14:07 IST" description="To verify login logout functionality" finished-at="2021-07-02T11:14:23 IST">
          <params>
            <param index="0">
              <value>
                <![CDATA[{password=ThorMigration@12345, firstname=, browser=chrome, run=yes, testname=loginlogoutTest, menu=, version=, primaryemail=, username=QATHOR1005MIG, lastname=}]]>
              </value>
            </param>
          </params>
          <reporter-output>
          </reporter-output>
        </test-method> <!-- loginlogoutTest -->
        <test-method status="PASS" signature="tearDown(org.testng.ITestResult)[pri:0, instance:com.selenium.AccountManagerLoginPageTest@613a8ee1]" name="tearDown" is-config="true" duration-ms="708" started-at="2021-07-02T11:14:23 IST" finished-at="2021-07-02T11:14:24 IST">
          <params>
            <param index="0">
              <value>
                <![CDATA[[TestResult name=loginlogoutTest status=SUCCESS method=AccountManagerLoginPageTest.loginlogoutTest(java.util.Map)[pri:0, instance:com.selenium.AccountManagerLoginPageTest@613a8ee1] output={null}]]]>
              </value>
            </param>
          </params>
          <reporter-output>
          </reporter-output>
        </test-method> <!-- tearDown -->
      </class> <!-- com.selenium.AccountManagerLoginPageTest -->
    </test> <!-- Test -->
  </suite> <!-- Suite -->
</testng-results>
