<?xml version="1.0" encoding="UTF-8"?>
<testng-results skipped="0" failed="9" ignored="1" total="10" passed="0">
  <reporter-output>
  </reporter-output>
  <suite name="Suite" duration-ms="133244" started-at="2021-06-28T23:30:05 IST" finished-at="2021-06-28T23:32:18 IST">
    <groups>
    </groups>
    <test name="Test" duration-ms="133244" started-at="2021-06-28T23:30:05 IST" finished-at="2021-06-28T23:32:18 IST">
      <class name="com.selenium.AdminConsolePageTest">
        <test-method status="PASS" signature="setup([Ljava.lang.Object;)[pri:0, instance:com.selenium.AdminConsolePageTest@25e2ab5a]" name="setup" is-config="true" duration-ms="4134" started-at="2021-06-28T23:30:40 IST" finished-at="2021-06-28T23:30:44 IST">
          <params>
            <param index="0">
              <value>
                <![CDATA[[Ljava.lang.Object;@539a138b]]>
              </value>
            </param>
          </params>
          <reporter-output>
          </reporter-output>
        </test-method> <!-- setup -->
        <test-method status="FAIL" signature="verifyNewUser(java.util.Map)[pri:0, instance:com.selenium.AdminConsolePageTest@25e2ab5a]" name="verifyNewUser" duration-ms="11672" started-at="2021-06-28T23:30:44 IST" description="To verify creation of new user" finished-at="2021-06-28T23:30:55 IST">
          <params>
            <param index="0">
              <value>
                <![CDATA[{password=ThorMigration@12345, firstname=Mayur, browser=chrome, run=yes, testname=verifyNewUser, menu=Add & manage users, version=79.0.3945.117, primaryemail=testautomation0504@gmail.com, username=QATHOR1005MIG, lastname=Sapre}]]>
              </value>
            </param>
          </params>
          <exception class="org.openqa.selenium.NoSuchElementException">
            <message>
              <![CDATA[no such element: Unable to locate element: {"method":"xpath","selector":"//*[text()='Application Panel']"}
  (Session info: chrome=79.0.3945.117)
For documentation on this error, please visit: https://www.seleniumhq.org/exceptions/no_such_element.html
Build info: version: '4.0.0-alpha-1', revision: 'd1d3728cae', time: '2019-04-24T13:42:21'
System info: host: 'ARPGL001447', ip: '10.196.155.252', os.name: 'Windows 10', os.arch: 'amd64', os.version: '10.0', java.version: '1.8.0_91'
Driver info: org.openqa.selenium.remote.RemoteWebDriver
Capabilities {acceptInsecureCerts: false, browserName: chrome, browserVersion: 79.0.3945.117, chrome: {chromedriverVersion: 79.0.3945.36 (3582db32b3389..., userDataDir: /tmp/.com.google.Chrome.N9vcbj}, goog:chromeOptions: {debuggerAddress: localhost:42775}, javascriptEnabled: true, networkConnectionEnabled: false, pageLoadStrategy: normal, platform: LINUX, platformName: LINUX, proxy: Proxy(), setWindowRect: true, strictFileInteractability: false, timeouts: {implicit: 0, pageLoad: 300000, script: 30000}, unhandledPromptBehavior: dismiss and notify, webdriver.remote.sessionid: 619b95dc74f9ab0fe91f7c0e848...}
Session ID: 619b95dc74f9ab0fe91f7c0e848ba4c2
*** Element info: {Using=xpath, value=//*[text()='Application Panel']}]]>
            </message>
            <full-stacktrace>
              <![CDATA[org.openqa.selenium.NoSuchElementException: no such element: Unable to locate element: {"method":"xpath","selector":"//*[text()='Application Panel']"}
  (Session info: chrome=79.0.3945.117)
For documentation on this error, please visit: https://www.seleniumhq.org/exceptions/no_such_element.html
Build info: version: '4.0.0-alpha-1', revision: 'd1d3728cae', time: '2019-04-24T13:42:21'
System info: host: 'ARPGL001447', ip: '10.196.155.252', os.name: 'Windows 10', os.arch: 'amd64', os.version: '10.0', java.version: '1.8.0_91'
Driver info: org.openqa.selenium.remote.RemoteWebDriver
Capabilities {acceptInsecureCerts: false, browserName: chrome, browserVersion: 79.0.3945.117, chrome: {chromedriverVersion: 79.0.3945.36 (3582db32b3389..., userDataDir: /tmp/.com.google.Chrome.N9vcbj}, goog:chromeOptions: {debuggerAddress: localhost:42775}, javascriptEnabled: true, networkConnectionEnabled: false, pageLoadStrategy: normal, platform: LINUX, platformName: LINUX, proxy: Proxy(), setWindowRect: true, strictFileInteractability: false, timeouts: {implicit: 0, pageLoad: 300000, script: 30000}, unhandledPromptBehavior: dismiss and notify, webdriver.remote.sessionid: 619b95dc74f9ab0fe91f7c0e848...}
Session ID: 619b95dc74f9ab0fe91f7c0e848ba4c2
*** Element info: {Using=xpath, value=//*[text()='Application Panel']}
at sun.reflect.NativeConstructorAccessorImpl.newInstance0(Native Method)
at sun.reflect.NativeConstructorAccessorImpl.newInstance(NativeConstructorAccessorImpl.java:62)
at sun.reflect.DelegatingConstructorAccessorImpl.newInstance(DelegatingConstructorAccessorImpl.java:45)
at java.lang.reflect.Constructor.newInstance(Constructor.java:423)
at org.openqa.selenium.remote.codec.w3c.W3CHttpResponseCodec.createException(W3CHttpResponseCodec.java:190)
at org.openqa.selenium.remote.codec.w3c.W3CHttpResponseCodec.decode(W3CHttpResponseCodec.java:124)
at org.openqa.selenium.remote.codec.w3c.W3CHttpResponseCodec.decode(W3CHttpResponseCodec.java:51)
at org.openqa.selenium.remote.HttpCommandExecutor.execute(HttpCommandExecutor.java:161)
at org.openqa.selenium.remote.RemoteWebDriver.execute(RemoteWebDriver.java:577)
at org.openqa.selenium.remote.RemoteWebDriver.findElement(RemoteWebDriver.java:328)
at org.openqa.selenium.remote.RemoteWebDriver.findElementByXPath(RemoteWebDriver.java:446)
at org.openqa.selenium.By$ByXPath.findElement(By.java:353)
at org.openqa.selenium.remote.RemoteWebDriver.findElement(RemoteWebDriver.java:320)
at com.selenium.pages.ApplicationPanelPage.verifyApplicationPanelText(ApplicationPanelPage.java:24)
at com.selenium.AdminConsolePageTest.verifyNewUser(AdminConsolePageTest.java:30)
at sun.reflect.NativeMethodAccessorImpl.invoke0(Native Method)
at sun.reflect.NativeMethodAccessorImpl.invoke(NativeMethodAccessorImpl.java:62)
at sun.reflect.DelegatingMethodAccessorImpl.invoke(DelegatingMethodAccessorImpl.java:43)
at java.lang.reflect.Method.invoke(Method.java:498)
at org.testng.internal.MethodInvocationHelper.invokeMethod(MethodInvocationHelper.java:132)
at org.testng.internal.TestInvoker.invokeMethod(TestInvoker.java:599)
at org.testng.internal.TestInvoker.invokeTestMethod(TestInvoker.java:174)
at org.testng.internal.MethodRunner.runInSequence(MethodRunner.java:46)
at org.testng.internal.TestInvoker$MethodInvocationAgent.invoke(TestInvoker.java:822)
at org.testng.internal.TestInvoker.invokeTestMethods(TestInvoker.java:147)
at org.testng.internal.TestMethodWorker.invokeTestMethods(TestMethodWorker.java:146)
at org.testng.internal.TestMethodWorker.run(TestMethodWorker.java:128)
at java.util.concurrent.ThreadPoolExecutor.runWorker(ThreadPoolExecutor.java:1142)
at java.util.concurrent.ThreadPoolExecutor$Worker.run(ThreadPoolExecutor.java:617)
at java.lang.Thread.run(Thread.java:745)
]]>
            </full-stacktrace>
          </exception> <!-- org.openqa.selenium.NoSuchElementException -->
          <reporter-output>
          </reporter-output>
        </test-method> <!-- verifyNewUser -->
        <test-method status="PASS" signature="tearDown(org.testng.ITestResult)[pri:0, instance:com.selenium.AdminConsolePageTest@25e2ab5a]" name="tearDown" is-config="true" duration-ms="58" started-at="2021-06-28T23:30:55 IST" finished-at="2021-06-28T23:30:56 IST">
          <params>
            <param index="0">
              <value>
                <![CDATA[[TestResult name=verifyNewUser status=FAILURE method=AdminConsolePageTest.verifyNewUser(java.util.Map)[pri:0, instance:com.selenium.AdminConsolePageTest@25e2ab5a] output={null}]]]>
              </value>
            </param>
          </params>
          <reporter-output>
          </reporter-output>
        </test-method> <!-- tearDown -->
        <test-method status="PASS" signature="setup([Ljava.lang.Object;)[pri:0, instance:com.selenium.AdminConsolePageTest@25e2ab5a]" name="setup" is-config="true" duration-ms="3920" started-at="2021-06-28T23:30:56 IST" finished-at="2021-06-28T23:30:59 IST">
          <params>
            <param index="0">
              <value>
                <![CDATA[[Ljava.lang.Object;@2cd4e16a]]>
              </value>
            </param>
          </params>
          <reporter-output>
          </reporter-output>
        </test-method> <!-- setup -->
        <test-method status="FAIL" signature="verifyNewUser(java.util.Map)[pri:0, instance:com.selenium.AdminConsolePageTest@25e2ab5a]" name="verifyNewUser" duration-ms="59618" started-at="2021-06-28T23:30:59 IST" description="To verify creation of new user" finished-at="2021-06-28T23:31:59 IST">
          <params>
            <param index="0">
              <value>
                <![CDATA[{password=ThorMigration@12345, firstname=Sapre, browser=chrome, run=yes, testname=verifyNewUser, menu=Add & manage users, version=91.0.4472.77, primaryemail=testautomation0504@gmail.com, username=QATHOR1005MIG, lastname=Mayur}]]>
              </value>
            </param>
          </params>
          <exception class="org.openqa.selenium.TimeoutException">
            <message>
              <![CDATA[Expected condition failed: waiting for element to be clickable: By.xpath: //*[text()='Add & manage users'] (tried for 50 second(s) with 500 milliseconds interval)]]>
            </message>
            <full-stacktrace>
              <![CDATA[org.openqa.selenium.TimeoutException: Expected condition failed: waiting for element to be clickable: By.xpath: //*[text()='Add & manage users'] (tried for 50 second(s) with 500 milliseconds interval)
at org.openqa.selenium.support.ui.WebDriverWait.timeoutException(WebDriverWait.java:95)
at org.openqa.selenium.support.ui.FluentWait.until(FluentWait.java:234)
at com.selenium.factories.ExplicitWaitFactory.performExplicitWait(ExplicitWaitFactory.java:22)
at com.selenium.pages.Basepage.click(Basepage.java:15)
at com.selenium.pages.AdminConsolePage.clickOnMenu(AdminConsolePage.java:26)
at com.selenium.AdminConsolePageTest.verifyNewUser(AdminConsolePageTest.java:32)
at sun.reflect.NativeMethodAccessorImpl.invoke0(Native Method)
at sun.reflect.NativeMethodAccessorImpl.invoke(NativeMethodAccessorImpl.java:62)
at sun.reflect.DelegatingMethodAccessorImpl.invoke(DelegatingMethodAccessorImpl.java:43)
at java.lang.reflect.Method.invoke(Method.java:498)
at org.testng.internal.MethodInvocationHelper.invokeMethod(MethodInvocationHelper.java:132)
at org.testng.internal.TestInvoker.invokeMethod(TestInvoker.java:599)
at org.testng.internal.TestInvoker.invokeTestMethod(TestInvoker.java:174)
at org.testng.internal.MethodRunner.runInSequence(MethodRunner.java:46)
at org.testng.internal.TestInvoker$MethodInvocationAgent.invoke(TestInvoker.java:822)
at org.testng.internal.TestInvoker.invokeTestMethods(TestInvoker.java:147)
at org.testng.internal.TestMethodWorker.invokeTestMethods(TestMethodWorker.java:146)
at org.testng.internal.TestMethodWorker.run(TestMethodWorker.java:128)
at java.util.concurrent.ThreadPoolExecutor.runWorker(ThreadPoolExecutor.java:1142)
at java.util.concurrent.ThreadPoolExecutor$Worker.run(ThreadPoolExecutor.java:617)
at java.lang.Thread.run(Thread.java:745)
Caused by: org.openqa.selenium.NoSuchElementException: no such element: Unable to locate element: {"method":"xpath","selector":"//*[text()='Add & manage users']"}
  (Session info: chrome=91.0.4472.77)
For documentation on this error, please visit: https://www.seleniumhq.org/exceptions/no_such_element.html
Build info: version: '4.0.0-alpha-1', revision: 'd1d3728cae', time: '2019-04-24T13:42:21'
System info: host: 'ARPGL001447', ip: '10.196.155.252', os.name: 'Windows 10', os.arch: 'amd64', os.version: '10.0', java.version: '1.8.0_91'
Driver info: org.openqa.selenium.remote.RemoteWebDriver
Capabilities {acceptInsecureCerts: false, browserName: chrome, browserVersion: 91.0.4472.77, chrome: {chromedriverVersion: 91.0.4472.19 (1bf021f248676..., userDataDir: /tmp/.com.google.Chrome.wNNnUs}, goog:chromeOptions: {debuggerAddress: localhost:38475}, javascriptEnabled: true, networkConnectionEnabled: false, pageLoadStrategy: normal, platform: LINUX, platformName: LINUX, proxy: Proxy(), setWindowRect: true, strictFileInteractability: false, timeouts: {implicit: 0, pageLoad: 300000, script: 30000}, unhandledPromptBehavior: dismiss and notify, webauthn:extension:largeBlob: true, webauthn:virtualAuthenticators: true, webdriver.remote.sessionid: 57336d2f24fec735b06cd3b8ab9...}
Session ID: 57336d2f24fec735b06cd3b8ab93031e
*** Element info: {Using=xpath, value=//*[text()='Add & manage users']}
at sun.reflect.GeneratedConstructorAccessor58.newInstance(Unknown Source)
at sun.reflect.DelegatingConstructorAccessorImpl.newInstance(DelegatingConstructorAccessorImpl.java:45)
at java.lang.reflect.Constructor.newInstance(Constructor.java:423)
at org.openqa.selenium.remote.codec.w3c.W3CHttpResponseCodec.createException(W3CHttpResponseCodec.java:190)
at org.openqa.selenium.remote.codec.w3c.W3CHttpResponseCodec.decode(W3CHttpResponseCodec.java:124)
at org.openqa.selenium.remote.codec.w3c.W3CHttpResponseCodec.decode(W3CHttpResponseCodec.java:51)
at org.openqa.selenium.remote.HttpCommandExecutor.execute(HttpCommandExecutor.java:161)
at org.openqa.selenium.remote.RemoteWebDriver.execute(RemoteWebDriver.java:577)
at org.openqa.selenium.remote.RemoteWebDriver.findElement(RemoteWebDriver.java:328)
at org.openqa.selenium.remote.RemoteWebDriver.findElementByXPath(RemoteWebDriver.java:446)
at org.openqa.selenium.By$ByXPath.findElement(By.java:353)
at org.openqa.selenium.remote.RemoteWebDriver.findElement(RemoteWebDriver.java:320)
at org.openqa.selenium.support.ui.ExpectedConditions$7.apply(ExpectedConditions.java:205)
at org.openqa.selenium.support.ui.ExpectedConditions$7.apply(ExpectedConditions.java:201)
at org.openqa.selenium.support.ui.ExpectedConditions$22.apply(ExpectedConditions.java:641)
at org.openqa.selenium.support.ui.ExpectedConditions$22.apply(ExpectedConditions.java:638)
at org.openqa.selenium.support.ui.FluentWait.until(FluentWait.java:211)
... 19 more
]]>
            </full-stacktrace>
          </exception> <!-- org.openqa.selenium.TimeoutException -->
          <reporter-output>
          </reporter-output>
        </test-method> <!-- verifyNewUser -->
        <test-method status="PASS" signature="tearDown(org.testng.ITestResult)[pri:0, instance:com.selenium.AdminConsolePageTest@25e2ab5a]" name="tearDown" is-config="true" duration-ms="58" started-at="2021-06-28T23:31:59 IST" finished-at="2021-06-28T23:31:59 IST">
          <params>
            <param index="0">
              <value>
                <![CDATA[[TestResult name=verifyNewUser status=FAILURE method=AdminConsolePageTest.verifyNewUser(java.util.Map)[pri:0, instance:com.selenium.AdminConsolePageTest@25e2ab5a] output={null}]]]>
              </value>
            </param>
          </params>
          <reporter-output>
          </reporter-output>
        </test-method> <!-- tearDown -->
        <test-method status="PASS" signature="setup([Ljava.lang.Object;)[pri:0, instance:com.selenium.AdminConsolePageTest@25e2ab5a]" name="setup" is-config="true" duration-ms="7391" started-at="2021-06-28T23:31:59 IST" finished-at="2021-06-28T23:32:07 IST">
          <params>
            <param index="0">
              <value>
                <![CDATA[[Ljava.lang.Object;@42505474]]>
              </value>
            </param>
          </params>
          <reporter-output>
          </reporter-output>
        </test-method> <!-- setup -->
        <test-method status="FAIL" signature="verifyNewUser(java.util.Map)[pri:0, instance:com.selenium.AdminConsolePageTest@25e2ab5a]" name="verifyNewUser" duration-ms="10410" started-at="2021-06-28T23:32:07 IST" description="To verify creation of new user" finished-at="2021-06-28T23:32:17 IST">
          <params>
            <param index="0">
              <value>
                <![CDATA[{password=ThorMigration@12345, firstname=SapreTest, browser=firefox, run=yes, testname=verifyNewUser, menu=Add & manage users, version=89.0, primaryemail=testautomation0504@gmail.com, username=QATHOR1005MIG, lastname=Mayur}]]>
              </value>
            </param>
          </params>
          <exception class="org.openqa.selenium.NoSuchElementException">
            <message>
              <![CDATA[Unable to locate element: //*[text()='Application Panel']
For documentation on this error, please visit: https://www.seleniumhq.org/exceptions/no_such_element.html
Build info: version: '4.0.0-alpha-1', revision: 'd1d3728cae', time: '2019-04-24T13:42:21'
System info: host: 'ARPGL001447', ip: '10.196.155.252', os.name: 'Windows 10', os.arch: 'amd64', os.version: '10.0', java.version: '1.8.0_91'
Driver info: org.openqa.selenium.remote.RemoteWebDriver
Capabilities {acceptInsecureCerts: false, browserName: firefox, browserVersion: 89.0, javascriptEnabled: true, moz:accessibilityChecks: false, moz:buildID: 20210527174632, moz:geckodriverVersion: 0.29.0, moz:headless: false, moz:processID: 718, moz:profile: /tmp/rust_mozprofilecifQNj, moz:shutdownTimeout: 60000, moz:useNonSpecCompliantPointerOrigin: false, moz:webdriverClick: true, pageLoadStrategy: normal, platform: LINUX, platformName: LINUX, platformVersion: 5.4.72-microsoft-standard-WSL2, setWindowRect: true, strictFileInteractability: false, timeouts: {implicit: 0, pageLoad: 300000, script: 30000}, unhandledPromptBehavior: dismiss and notify, webdriver.remote.sessionid: 164a444a-4590-4275-b932-439...}
Session ID: 164a444a-4590-4275-b932-43989a37c65e
*** Element info: {Using=xpath, value=//*[text()='Application Panel']}]]>
            </message>
            <full-stacktrace>
              <![CDATA[org.openqa.selenium.NoSuchElementException: Unable to locate element: //*[text()='Application Panel']
For documentation on this error, please visit: https://www.seleniumhq.org/exceptions/no_such_element.html
Build info: version: '4.0.0-alpha-1', revision: 'd1d3728cae', time: '2019-04-24T13:42:21'
System info: host: 'ARPGL001447', ip: '10.196.155.252', os.name: 'Windows 10', os.arch: 'amd64', os.version: '10.0', java.version: '1.8.0_91'
Driver info: org.openqa.selenium.remote.RemoteWebDriver
Capabilities {acceptInsecureCerts: false, browserName: firefox, browserVersion: 89.0, javascriptEnabled: true, moz:accessibilityChecks: false, moz:buildID: 20210527174632, moz:geckodriverVersion: 0.29.0, moz:headless: false, moz:processID: 718, moz:profile: /tmp/rust_mozprofilecifQNj, moz:shutdownTimeout: 60000, moz:useNonSpecCompliantPointerOrigin: false, moz:webdriverClick: true, pageLoadStrategy: normal, platform: LINUX, platformName: LINUX, platformVersion: 5.4.72-microsoft-standard-WSL2, setWindowRect: true, strictFileInteractability: false, timeouts: {implicit: 0, pageLoad: 300000, script: 30000}, unhandledPromptBehavior: dismiss and notify, webdriver.remote.sessionid: 164a444a-4590-4275-b932-439...}
Session ID: 164a444a-4590-4275-b932-43989a37c65e
*** Element info: {Using=xpath, value=//*[text()='Application Panel']}
at sun.reflect.GeneratedConstructorAccessor58.newInstance(Unknown Source)
at sun.reflect.DelegatingConstructorAccessorImpl.newInstance(DelegatingConstructorAccessorImpl.java:45)
at java.lang.reflect.Constructor.newInstance(Constructor.java:423)
at org.openqa.selenium.remote.codec.w3c.W3CHttpResponseCodec.createException(W3CHttpResponseCodec.java:190)
at org.openqa.selenium.remote.codec.w3c.W3CHttpResponseCodec.decode(W3CHttpResponseCodec.java:124)
at org.openqa.selenium.remote.codec.w3c.W3CHttpResponseCodec.decode(W3CHttpResponseCodec.java:51)
at org.openqa.selenium.remote.HttpCommandExecutor.execute(HttpCommandExecutor.java:161)
at org.openqa.selenium.remote.RemoteWebDriver.execute(RemoteWebDriver.java:577)
at org.openqa.selenium.remote.RemoteWebDriver.findElement(RemoteWebDriver.java:328)
at org.openqa.selenium.remote.RemoteWebDriver.findElementByXPath(RemoteWebDriver.java:446)
at org.openqa.selenium.By$ByXPath.findElement(By.java:353)
at org.openqa.selenium.remote.RemoteWebDriver.findElement(RemoteWebDriver.java:320)
at com.selenium.pages.ApplicationPanelPage.verifyApplicationPanelText(ApplicationPanelPage.java:24)
at com.selenium.AdminConsolePageTest.verifyNewUser(AdminConsolePageTest.java:30)
at sun.reflect.NativeMethodAccessorImpl.invoke0(Native Method)
at sun.reflect.NativeMethodAccessorImpl.invoke(NativeMethodAccessorImpl.java:62)
at sun.reflect.DelegatingMethodAccessorImpl.invoke(DelegatingMethodAccessorImpl.java:43)
at java.lang.reflect.Method.invoke(Method.java:498)
at org.testng.internal.MethodInvocationHelper.invokeMethod(MethodInvocationHelper.java:132)
at org.testng.internal.TestInvoker.invokeMethod(TestInvoker.java:599)
at org.testng.internal.TestInvoker.invokeTestMethod(TestInvoker.java:174)
at org.testng.internal.MethodRunner.runInSequence(MethodRunner.java:46)
at org.testng.internal.TestInvoker$MethodInvocationAgent.invoke(TestInvoker.java:822)
at org.testng.internal.TestInvoker.invokeTestMethods(TestInvoker.java:147)
at org.testng.internal.TestMethodWorker.invokeTestMethods(TestMethodWorker.java:146)
at org.testng.internal.TestMethodWorker.run(TestMethodWorker.java:128)
at java.util.concurrent.ThreadPoolExecutor.runWorker(ThreadPoolExecutor.java:1142)
at java.util.concurrent.ThreadPoolExecutor$Worker.run(ThreadPoolExecutor.java:617)
at java.lang.Thread.run(Thread.java:745)
]]>
            </full-stacktrace>
          </exception> <!-- org.openqa.selenium.NoSuchElementException -->
          <reporter-output>
          </reporter-output>
        </test-method> <!-- verifyNewUser -->
        <test-method status="PASS" signature="tearDown(org.testng.ITestResult)[pri:0, instance:com.selenium.AdminConsolePageTest@25e2ab5a]" name="tearDown" is-config="true" duration-ms="771" started-at="2021-06-28T23:32:17 IST" finished-at="2021-06-28T23:32:18 IST">
          <params>
            <param index="0">
              <value>
                <![CDATA[[TestResult name=verifyNewUser status=FAILURE method=AdminConsolePageTest.verifyNewUser(java.util.Map)[pri:0, instance:com.selenium.AdminConsolePageTest@25e2ab5a] output={null}]]]>
              </value>
            </param>
          </params>
          <reporter-output>
          </reporter-output>
        </test-method> <!-- tearDown -->
      </class> <!-- com.selenium.AdminConsolePageTest -->
      <class name="com.selenium.AccountManagerLoginPageTest">
        <test-method status="PASS" signature="deleteElasticSearchIndex()[pri:0, instance:com.selenium.AccountManagerLoginPageTest@c055c54]" name="deleteElasticSearchIndex" is-config="true" duration-ms="2337" started-at="2021-06-28T23:30:02 IST" finished-at="2021-06-28T23:30:05 IST">
          <reporter-output>
          </reporter-output>
        </test-method> <!-- deleteElasticSearchIndex -->
        <test-method status="PASS" signature="setup([Ljava.lang.Object;)[pri:0, instance:com.selenium.AccountManagerLoginPageTest@c055c54]" name="setup" is-config="true" duration-ms="6541" started-at="2021-06-28T23:30:06 IST" finished-at="2021-06-28T23:30:13 IST">
          <params>
            <param index="0">
              <value>
                <![CDATA[[Ljava.lang.Object;@6d08b4e6]]>
              </value>
            </param>
          </params>
          <reporter-output>
          </reporter-output>
        </test-method> <!-- setup -->
        <test-method status="FAIL" signature="loginlogoutTest(java.util.Map)[pri:0, instance:com.selenium.AccountManagerLoginPageTest@c055c54]" name="loginlogoutTest" duration-ms="27" started-at="2021-06-28T23:30:13 IST" description="To verify login logout functionality" finished-at="2021-06-28T23:30:13 IST">
          <params>
            <param index="0">
              <value>
                <![CDATA[{password=admin123, firstname=Bhoomi, browser=chrome, run=yes, testname=loginlogoutTest, menu=, version=, primaryemail=, username=admin, lastname=}]]>
              </value>
            </param>
          </params>
          <exception class="java.lang.NullPointerException">
            <full-stacktrace>
              <![CDATA[java.lang.NullPointerException
at com.selenium.listeners.ListnerClass.onTestStart(ListnerClass.java:22)
at org.testng.internal.TestListenerHelper.runTestListeners(TestListenerHelper.java:103)
at org.testng.internal.TestInvoker.runTestResultListener(TestInvoker.java:220)
at org.testng.internal.TestInvoker.invokeMethod(TestInvoker.java:572)
at org.testng.internal.TestInvoker.invokeTestMethod(TestInvoker.java:174)
at org.testng.internal.MethodRunner.runInSequence(MethodRunner.java:46)
at org.testng.internal.TestInvoker$MethodInvocationAgent.invoke(TestInvoker.java:822)
at org.testng.internal.TestInvoker.invokeTestMethods(TestInvoker.java:147)
at org.testng.internal.TestMethodWorker.invokeTestMethods(TestMethodWorker.java:146)
at org.testng.internal.TestMethodWorker.run(TestMethodWorker.java:128)
at java.util.concurrent.ThreadPoolExecutor.runWorker(ThreadPoolExecutor.java:1142)
at java.util.concurrent.ThreadPoolExecutor$Worker.run(ThreadPoolExecutor.java:617)
at java.lang.Thread.run(Thread.java:745)
]]>
            </full-stacktrace>
          </exception> <!-- java.lang.NullPointerException -->
          <reporter-output>
          </reporter-output>
        </test-method> <!-- loginlogoutTest -->
        <test-method status="PASS" signature="tearDown(org.testng.ITestResult)[pri:0, instance:com.selenium.AccountManagerLoginPageTest@c055c54]" name="tearDown" is-config="true" duration-ms="69" started-at="2021-06-28T23:30:15 IST" finished-at="2021-06-28T23:30:15 IST">
          <params>
            <param index="0">
              <value>
                <![CDATA[[TestResult name=loginlogoutTest status=FAILURE method=AccountManagerLoginPageTest.loginlogoutTest(java.util.Map)[pri:0, instance:com.selenium.AccountManagerLoginPageTest@c055c54] output={null}]]]>
              </value>
            </param>
          </params>
          <reporter-output>
          </reporter-output>
        </test-method> <!-- tearDown -->
        <test-method status="PASS" signature="setup([Ljava.lang.Object;)[pri:0, instance:com.selenium.AccountManagerLoginPageTest@c055c54]" name="setup" is-config="true" duration-ms="4340" started-at="2021-06-28T23:30:15 IST" finished-at="2021-06-28T23:30:19 IST">
          <params>
            <param index="0">
              <value>
                <![CDATA[[Ljava.lang.Object;@1015a4b9]]>
              </value>
            </param>
          </params>
          <reporter-output>
          </reporter-output>
        </test-method> <!-- setup -->
        <test-method status="FAIL" signature="loginlogoutTest(java.util.Map)[pri:0, instance:com.selenium.AccountManagerLoginPageTest@c055c54]" name="loginlogoutTest" duration-ms="7" started-at="2021-06-28T23:30:19 IST" description="To verify login logout functionality" finished-at="2021-06-28T23:30:19 IST">
          <params>
            <param index="0">
              <value>
                <![CDATA[{password=ThorMigration@12345, firstname=Watane, browser=chrome, run=yes, testname=loginlogoutTest, menu=, version=, primaryemail=, username=QATHOR1005MIG, lastname=}]]>
              </value>
            </param>
          </params>
          <exception class="java.lang.NullPointerException">
            <full-stacktrace>
              <![CDATA[java.lang.NullPointerException
at com.selenium.listeners.ListnerClass.onTestStart(ListnerClass.java:22)
at org.testng.internal.TestListenerHelper.runTestListeners(TestListenerHelper.java:103)
at org.testng.internal.TestInvoker.runTestResultListener(TestInvoker.java:220)
at org.testng.internal.TestInvoker.invokeMethod(TestInvoker.java:572)
at org.testng.internal.TestInvoker.invokeTestMethod(TestInvoker.java:174)
at org.testng.internal.MethodRunner.runInSequence(MethodRunner.java:46)
at org.testng.internal.TestInvoker$MethodInvocationAgent.invoke(TestInvoker.java:822)
at org.testng.internal.TestInvoker.invokeTestMethods(TestInvoker.java:147)
at org.testng.internal.TestMethodWorker.invokeTestMethods(TestMethodWorker.java:146)
at org.testng.internal.TestMethodWorker.run(TestMethodWorker.java:128)
at java.util.concurrent.ThreadPoolExecutor.runWorker(ThreadPoolExecutor.java:1142)
at java.util.concurrent.ThreadPoolExecutor$Worker.run(ThreadPoolExecutor.java:617)
at java.lang.Thread.run(Thread.java:745)
]]>
            </full-stacktrace>
          </exception> <!-- java.lang.NullPointerException -->
          <reporter-output>
          </reporter-output>
        </test-method> <!-- loginlogoutTest -->
        <test-method status="PASS" signature="tearDown(org.testng.ITestResult)[pri:0, instance:com.selenium.AccountManagerLoginPageTest@c055c54]" name="tearDown" is-config="true" duration-ms="71" started-at="2021-06-28T23:30:20 IST" finished-at="2021-06-28T23:30:20 IST">
          <params>
            <param index="0">
              <value>
                <![CDATA[[TestResult name=loginlogoutTest status=FAILURE method=AccountManagerLoginPageTest.loginlogoutTest(java.util.Map)[pri:0, instance:com.selenium.AccountManagerLoginPageTest@c055c54] output={null}]]]>
              </value>
            </param>
          </params>
          <reporter-output>
          </reporter-output>
        </test-method> <!-- tearDown -->
        <test-method status="PASS" signature="setup([Ljava.lang.Object;)[pri:0, instance:com.selenium.AccountManagerLoginPageTest@c055c54]" name="setup" is-config="true" duration-ms="3770" started-at="2021-06-28T23:30:20 IST" finished-at="2021-06-28T23:30:24 IST">
          <params>
            <param index="0">
              <value>
                <![CDATA[[Ljava.lang.Object;@1acb74ad]]>
              </value>
            </param>
          </params>
          <reporter-output>
          </reporter-output>
        </test-method> <!-- setup -->
        <test-method status="FAIL" signature="loginlogoutTest(java.util.Map)[pri:0, instance:com.selenium.AccountManagerLoginPageTest@c055c54]" name="loginlogoutTest" duration-ms="8" started-at="2021-06-28T23:30:24 IST" description="To verify login logout functionality" finished-at="2021-06-28T23:30:24 IST">
          <params>
            <param index="0">
              <value>
                <![CDATA[{password=ThorMigration@12345, firstname=cfjefewrvjr, browser=chrome, run=yes, testname=loginlogoutTest, menu=, version=, primaryemail=, username=QATHOR1005MIG, lastname=}]]>
              </value>
            </param>
          </params>
          <exception class="java.lang.NullPointerException">
            <full-stacktrace>
              <![CDATA[java.lang.NullPointerException
at com.selenium.listeners.ListnerClass.onTestStart(ListnerClass.java:22)
at org.testng.internal.TestListenerHelper.runTestListeners(TestListenerHelper.java:103)
at org.testng.internal.TestInvoker.runTestResultListener(TestInvoker.java:220)
at org.testng.internal.TestInvoker.invokeMethod(TestInvoker.java:572)
at org.testng.internal.TestInvoker.invokeTestMethod(TestInvoker.java:174)
at org.testng.internal.MethodRunner.runInSequence(MethodRunner.java:46)
at org.testng.internal.TestInvoker$MethodInvocationAgent.invoke(TestInvoker.java:822)
at org.testng.internal.TestInvoker.invokeTestMethods(TestInvoker.java:147)
at org.testng.internal.TestMethodWorker.invokeTestMethods(TestMethodWorker.java:146)
at org.testng.internal.TestMethodWorker.run(TestMethodWorker.java:128)
at java.util.concurrent.ThreadPoolExecutor.runWorker(ThreadPoolExecutor.java:1142)
at java.util.concurrent.ThreadPoolExecutor$Worker.run(ThreadPoolExecutor.java:617)
at java.lang.Thread.run(Thread.java:745)
]]>
            </full-stacktrace>
          </exception> <!-- java.lang.NullPointerException -->
          <reporter-output>
          </reporter-output>
        </test-method> <!-- loginlogoutTest -->
        <test-method status="PASS" signature="tearDown(org.testng.ITestResult)[pri:0, instance:com.selenium.AccountManagerLoginPageTest@c055c54]" name="tearDown" is-config="true" duration-ms="63" started-at="2021-06-28T23:30:25 IST" finished-at="2021-06-28T23:30:25 IST">
          <params>
            <param index="0">
              <value>
                <![CDATA[[TestResult name=loginlogoutTest status=FAILURE method=AccountManagerLoginPageTest.loginlogoutTest(java.util.Map)[pri:0, instance:com.selenium.AccountManagerLoginPageTest@c055c54] output={null}]]]>
              </value>
            </param>
          </params>
          <reporter-output>
          </reporter-output>
        </test-method> <!-- tearDown -->
        <test-method status="PASS" signature="setup([Ljava.lang.Object;)[pri:0, instance:com.selenium.AccountManagerLoginPageTest@c055c54]" name="setup" is-config="true" duration-ms="3727" started-at="2021-06-28T23:30:25 IST" finished-at="2021-06-28T23:30:29 IST">
          <params>
            <param index="0">
              <value>
                <![CDATA[[Ljava.lang.Object;@7bf01cb]]>
              </value>
            </param>
          </params>
          <reporter-output>
          </reporter-output>
        </test-method> <!-- setup -->
        <test-method status="FAIL" signature="loginlogoutTest(java.util.Map)[pri:0, instance:com.selenium.AccountManagerLoginPageTest@c055c54]" name="loginlogoutTest" duration-ms="8" started-at="2021-06-28T23:30:29 IST" description="To verify login logout functionality" finished-at="2021-06-28T23:30:29 IST">
          <params>
            <param index="0">
              <value>
                <![CDATA[{password=admin123, firstname=Bhoomi, browser=chrome, run=yes, testname=loginlogoutTest, menu=, version=, primaryemail=, username=admin, lastname=}]]>
              </value>
            </param>
          </params>
          <exception class="java.lang.NullPointerException">
            <full-stacktrace>
              <![CDATA[java.lang.NullPointerException
at com.selenium.listeners.ListnerClass.onTestStart(ListnerClass.java:22)
at org.testng.internal.TestListenerHelper.runTestListeners(TestListenerHelper.java:103)
at org.testng.internal.TestInvoker.runTestResultListener(TestInvoker.java:220)
at org.testng.internal.TestInvoker.invokeMethod(TestInvoker.java:572)
at org.testng.internal.TestInvoker.invokeTestMethod(TestInvoker.java:174)
at org.testng.internal.MethodRunner.runInSequence(MethodRunner.java:46)
at org.testng.internal.TestInvoker$MethodInvocationAgent.invoke(TestInvoker.java:822)
at org.testng.internal.TestInvoker.invokeTestMethods(TestInvoker.java:147)
at org.testng.internal.TestMethodWorker.invokeTestMethods(TestMethodWorker.java:146)
at org.testng.internal.TestMethodWorker.run(TestMethodWorker.java:128)
at java.util.concurrent.ThreadPoolExecutor.runWorker(ThreadPoolExecutor.java:1142)
at java.util.concurrent.ThreadPoolExecutor$Worker.run(ThreadPoolExecutor.java:617)
at java.lang.Thread.run(Thread.java:745)
]]>
            </full-stacktrace>
          </exception> <!-- java.lang.NullPointerException -->
          <reporter-output>
          </reporter-output>
        </test-method> <!-- loginlogoutTest -->
        <test-method status="PASS" signature="tearDown(org.testng.ITestResult)[pri:0, instance:com.selenium.AccountManagerLoginPageTest@c055c54]" name="tearDown" is-config="true" duration-ms="65" started-at="2021-06-28T23:30:30 IST" finished-at="2021-06-28T23:30:30 IST">
          <params>
            <param index="0">
              <value>
                <![CDATA[[TestResult name=loginlogoutTest status=FAILURE method=AccountManagerLoginPageTest.loginlogoutTest(java.util.Map)[pri:0, instance:com.selenium.AccountManagerLoginPageTest@c055c54] output={null}]]]>
              </value>
            </param>
          </params>
          <reporter-output>
          </reporter-output>
        </test-method> <!-- tearDown -->
        <test-method status="PASS" signature="setup([Ljava.lang.Object;)[pri:0, instance:com.selenium.AccountManagerLoginPageTest@c055c54]" name="setup" is-config="true" duration-ms="3763" started-at="2021-06-28T23:30:30 IST" finished-at="2021-06-28T23:30:34 IST">
          <params>
            <param index="0">
              <value>
                <![CDATA[[Ljava.lang.Object;@2f382a5e]]>
              </value>
            </param>
          </params>
          <reporter-output>
          </reporter-output>
        </test-method> <!-- setup -->
        <test-method status="FAIL" signature="loginlogoutTest(java.util.Map)[pri:0, instance:com.selenium.AccountManagerLoginPageTest@c055c54]" name="loginlogoutTest" duration-ms="8" started-at="2021-06-28T23:30:34 IST" description="To verify login logout functionality" finished-at="2021-06-28T23:30:34 IST">
          <params>
            <param index="0">
              <value>
                <![CDATA[{password=ThorMigration@12345, firstname=Watane, browser=chrome, run=yes, testname=loginlogoutTest, menu=, version=, primaryemail=, username=QATHOR1005MIG, lastname=}]]>
              </value>
            </param>
          </params>
          <exception class="java.lang.NullPointerException">
            <full-stacktrace>
              <![CDATA[java.lang.NullPointerException
at com.selenium.listeners.ListnerClass.onTestStart(ListnerClass.java:22)
at org.testng.internal.TestListenerHelper.runTestListeners(TestListenerHelper.java:103)
at org.testng.internal.TestInvoker.runTestResultListener(TestInvoker.java:220)
at org.testng.internal.TestInvoker.invokeMethod(TestInvoker.java:572)
at org.testng.internal.TestInvoker.invokeTestMethod(TestInvoker.java:174)
at org.testng.internal.MethodRunner.runInSequence(MethodRunner.java:46)
at org.testng.internal.TestInvoker$MethodInvocationAgent.invoke(TestInvoker.java:822)
at org.testng.internal.TestInvoker.invokeTestMethods(TestInvoker.java:147)
at org.testng.internal.TestMethodWorker.invokeTestMethods(TestMethodWorker.java:146)
at org.testng.internal.TestMethodWorker.run(TestMethodWorker.java:128)
at java.util.concurrent.ThreadPoolExecutor.runWorker(ThreadPoolExecutor.java:1142)
at java.util.concurrent.ThreadPoolExecutor$Worker.run(ThreadPoolExecutor.java:617)
at java.lang.Thread.run(Thread.java:745)
]]>
            </full-stacktrace>
          </exception> <!-- java.lang.NullPointerException -->
          <reporter-output>
          </reporter-output>
        </test-method> <!-- loginlogoutTest -->
        <test-method status="PASS" signature="tearDown(org.testng.ITestResult)[pri:0, instance:com.selenium.AccountManagerLoginPageTest@c055c54]" name="tearDown" is-config="true" duration-ms="60" started-at="2021-06-28T23:30:35 IST" finished-at="2021-06-28T23:30:35 IST">
          <params>
            <param index="0">
              <value>
                <![CDATA[[TestResult name=loginlogoutTest status=FAILURE method=AccountManagerLoginPageTest.loginlogoutTest(java.util.Map)[pri:0, instance:com.selenium.AccountManagerLoginPageTest@c055c54] output={null}]]]>
              </value>
            </param>
          </params>
          <reporter-output>
          </reporter-output>
        </test-method> <!-- tearDown -->
        <test-method status="PASS" signature="setup([Ljava.lang.Object;)[pri:0, instance:com.selenium.AccountManagerLoginPageTest@c055c54]" name="setup" is-config="true" duration-ms="3955" started-at="2021-06-28T23:30:35 IST" finished-at="2021-06-28T23:30:39 IST">
          <params>
            <param index="0">
              <value>
                <![CDATA[[Ljava.lang.Object;@12b5736c]]>
              </value>
            </param>
          </params>
          <reporter-output>
          </reporter-output>
        </test-method> <!-- setup -->
        <test-method status="FAIL" signature="loginlogoutTest(java.util.Map)[pri:0, instance:com.selenium.AccountManagerLoginPageTest@c055c54]" name="loginlogoutTest" duration-ms="2" started-at="2021-06-28T23:30:39 IST" description="To verify login logout functionality" finished-at="2021-06-28T23:30:39 IST">
          <params>
            <param index="0">
              <value>
                <![CDATA[{password=ThorMigration@12345, firstname=cfjefewrvjr, browser=chrome, run=yes, testname=loginlogoutTest, menu=, version=, primaryemail=, username=QATHOR1005MIG, lastname=}]]>
              </value>
            </param>
          </params>
          <exception class="java.lang.NullPointerException">
            <full-stacktrace>
              <![CDATA[java.lang.NullPointerException
at com.selenium.listeners.ListnerClass.onTestStart(ListnerClass.java:22)
at org.testng.internal.TestListenerHelper.runTestListeners(TestListenerHelper.java:103)
at org.testng.internal.TestInvoker.runTestResultListener(TestInvoker.java:220)
at org.testng.internal.TestInvoker.invokeMethod(TestInvoker.java:572)
at org.testng.internal.TestInvoker.invokeTestMethod(TestInvoker.java:174)
at org.testng.internal.MethodRunner.runInSequence(MethodRunner.java:46)
at org.testng.internal.TestInvoker$MethodInvocationAgent.invoke(TestInvoker.java:822)
at org.testng.internal.TestInvoker.invokeTestMethods(TestInvoker.java:147)
at org.testng.internal.TestMethodWorker.invokeTestMethods(TestMethodWorker.java:146)
at org.testng.internal.TestMethodWorker.run(TestMethodWorker.java:128)
at java.util.concurrent.ThreadPoolExecutor.runWorker(ThreadPoolExecutor.java:1142)
at java.util.concurrent.ThreadPoolExecutor$Worker.run(ThreadPoolExecutor.java:617)
at java.lang.Thread.run(Thread.java:745)
]]>
            </full-stacktrace>
          </exception> <!-- java.lang.NullPointerException -->
          <reporter-output>
          </reporter-output>
        </test-method> <!-- loginlogoutTest -->
        <test-method status="PASS" signature="tearDown(org.testng.ITestResult)[pri:0, instance:com.selenium.AccountManagerLoginPageTest@c055c54]" name="tearDown" is-config="true" duration-ms="60" started-at="2021-06-28T23:30:39 IST" finished-at="2021-06-28T23:30:40 IST">
          <params>
            <param index="0">
              <value>
                <![CDATA[[TestResult name=loginlogoutTest status=FAILURE method=AccountManagerLoginPageTest.loginlogoutTest(java.util.Map)[pri:0, instance:com.selenium.AccountManagerLoginPageTest@c055c54] output={null}]]]>
              </value>
            </param>
          </params>
          <reporter-output>
          </reporter-output>
        </test-method> <!-- tearDown -->
      </class> <!-- com.selenium.AccountManagerLoginPageTest -->
    </test> <!-- Test -->
  </suite> <!-- Suite -->
</testng-results>
