<?xml version="1.0" encoding="UTF-8"?>
<testng-results skipped="0" failed="0" ignored="0" total="4" passed="4">
  <reporter-output>
  </reporter-output>
  <suite name="Default suite" duration-ms="18757" started-at="2021-06-18T15:30:17 IST" finished-at="2021-06-18T15:30:36 IST">
    <groups>
    </groups>
    <test name="Default test" duration-ms="18757" started-at="2021-06-18T15:30:17 IST" finished-at="2021-06-18T15:30:36 IST">
      <class name="com.selenium.DockerTest">
        <test-method status="PASS" signature="dockerTest(java.lang.String, java.lang.String)[pri:0, instance:com.selenium.DockerTest@7e9a5fbe]" name="dockerTest" duration-ms="18721" started-at="2021-06-18T15:30:17 IST" data-provider="getData" finished-at="2021-06-18T15:30:36 IST">
          <params>
            <param index="0">
              <value>
                <![CDATA[firefox]]>
              </value>
            </param>
            <param index="1">
              <value>
                <![CDATA[89.0]]>
              </value>
            </param>
          </params>
          <reporter-output>
          </reporter-output>
        </test-method> <!-- dockerTest -->
        <test-method status="PASS" signature="dockerTest(java.lang.String, java.lang.String)[pri:0, instance:com.selenium.DockerTest@7e9a5fbe]" name="dockerTest" duration-ms="7814" started-at="2021-06-18T15:30:17 IST" data-provider="getData" finished-at="2021-06-18T15:30:25 IST">
          <params>
            <param index="0">
              <value>
                <![CDATA[chrome]]>
              </value>
            </param>
            <param index="1">
              <value>
                <![CDATA[91.0.4472.77]]>
              </value>
            </param>
          </params>
          <reporter-output>
          </reporter-output>
        </test-method> <!-- dockerTest -->
        <test-method status="PASS" signature="dockerTest(java.lang.String, java.lang.String)[pri:0, instance:com.selenium.DockerTest@7e9a5fbe]" name="dockerTest" duration-ms="7821" started-at="2021-06-18T15:30:17 IST" data-provider="getData" finished-at="2021-06-18T15:30:25 IST">
          <params>
            <param index="0">
              <value>
                <![CDATA[chrome]]>
              </value>
            </param>
            <param index="1">
              <value>
                <![CDATA[79.0.3945.117]]>
              </value>
            </param>
          </params>
          <reporter-output>
          </reporter-output>
        </test-method> <!-- dockerTest -->
        <test-method status="PASS" signature="dockerTest(java.lang.String, java.lang.String)[pri:0, instance:com.selenium.DockerTest@7e9a5fbe]" name="dockerTest" duration-ms="9980" started-at="2021-06-18T15:30:17 IST" data-provider="getData" finished-at="2021-06-18T15:30:27 IST">
          <params>
            <param index="0">
              <value>
                <![CDATA[firefox]]>
              </value>
            </param>
            <param index="1">
              <value>
                <![CDATA[89.0]]>
              </value>
            </param>
          </params>
          <reporter-output>
          </reporter-output>
        </test-method> <!-- dockerTest -->
      </class> <!-- com.selenium.DockerTest -->
    </test> <!-- Default test -->
  </suite> <!-- Default suite -->
</testng-results>
