<?xml version="1.0" encoding="UTF-8"?>
<testng-results skipped="0" failed="1" ignored="0" retried="1" total="3" passed="1">
  <reporter-output>
  </reporter-output>
  <suite name="Suite" duration-ms="98117" started-at="2021-06-07T20:37:57 IST" finished-at="2021-06-07T20:39:35 IST">
    <groups>
    </groups>
    <test name="Test" duration-ms="98117" started-at="2021-06-07T20:37:57 IST" finished-at="2021-06-07T20:39:35 IST">
      <class name="com.selenium.AccountManagerLoginPageTest">
        <test-method status="PASS" signature="setup(java.lang.reflect.Method)[pri:0, instance:com.selenium.AccountManagerLoginPageTest@631330c]" name="setup" is-config="true" duration-ms="22678" started-at="2021-06-07T20:37:59 IST" finished-at="2021-06-07T20:38:22 IST">
          <params>
            <param index="0">
              <value>
                <![CDATA[public void com.selenium.AccountManagerLoginPageTest.newtest(java.util.Map) throws java.lang.Exception]]>
              </value>
            </param>
          </params>
          <reporter-output>
          </reporter-output>
        </test-method> <!-- setup -->
        <test-method status="PASS" signature="newtest(java.util.Map)[pri:0, instance:com.selenium.AccountManagerLoginPageTest@631330c]" name="newtest" duration-ms="27539" started-at="2021-06-07T20:38:22 IST" description="To Test" finished-at="2021-06-07T20:38:49 IST">
          <params>
            <param index="0">
              <value>
                <![CDATA[{password=ThorMigration@12345, testname=newtest, execute=yes, username=QATHOR1005MIG}]]>
              </value>
            </param>
          </params>
          <reporter-output>
          </reporter-output>
        </test-method> <!-- newtest -->
        <test-method status="PASS" signature="tearDown(org.testng.ITestResult)[pri:0, instance:com.selenium.AccountManagerLoginPageTest@631330c]" name="tearDown" is-config="true" duration-ms="1350" started-at="2021-06-07T20:38:49 IST" finished-at="2021-06-07T20:38:50 IST">
          <params>
            <param index="0">
              <value>
                <![CDATA[[TestResult name=newtest status=SUCCESS method=AccountManagerLoginPageTest.newtest(java.util.Map)[pri:0, instance:com.selenium.AccountManagerLoginPageTest@631330c] output={null}]]]>
              </value>
            </param>
          </params>
          <reporter-output>
          </reporter-output>
        </test-method> <!-- tearDown -->
        <test-method status="PASS" signature="setup(java.lang.reflect.Method)[pri:0, instance:com.selenium.AccountManagerLoginPageTest@631330c]" name="setup" is-config="true" duration-ms="15713" started-at="2021-06-07T20:38:50 IST" finished-at="2021-06-07T20:39:06 IST">
          <params>
            <param index="0">
              <value>
                <![CDATA[public void com.selenium.AccountManagerLoginPageTest.newtest(java.util.Map) throws java.lang.Exception]]>
              </value>
            </param>
          </params>
          <reporter-output>
          </reporter-output>
        </test-method> <!-- setup -->
        <test-method status="SKIP" signature="newtest(java.util.Map)[pri:0, instance:com.selenium.AccountManagerLoginPageTest@631330c]" name="newtest" duration-ms="4465" retried="true" started-at="2021-06-07T20:39:06 IST" description="To Test" finished-at="2021-06-07T20:39:11 IST">
          <params>
            <param index="0">
              <value>
                <![CDATA[{password=admin123, testname=newtest, execute=yes, username=admin}]]>
              </value>
            </param>
          </params>
          <exception class="org.openqa.selenium.ElementNotInteractableException">
            <message>
              <![CDATA[element not interactable
  (Session info: chrome=90.0.4430.212)
Build info: version: '4.0.0-alpha-1', revision: 'd1d3728cae', time: '2019-04-24T13:42:21'
System info: host: 'ARPGL001447', ip: '10.196.155.252', os.name: 'Windows 10', os.arch: 'amd64', os.version: '10.0', java.version: '1.8.0_91'
Driver info: org.openqa.selenium.chrome.ChromeDriver
Capabilities {acceptInsecureCerts: false, browserName: chrome, browserVersion: 90.0.4430.212, chrome: {chromedriverVersion: 90.0.4430.24 (4c6d850f087da..., userDataDir: C:\Users\MAYUR_~1\AppData\L...}, goog:chromeOptions: {debuggerAddress: localhost:50766}, javascriptEnabled: true, networkConnectionEnabled: false, pageLoadStrategy: normal, platform: WINDOWS, platformName: WINDOWS, proxy: Proxy(), setWindowRect: true, strictFileInteractability: false, timeouts: {implicit: 0, pageLoad: 300000, script: 30000}, unhandledPromptBehavior: dismiss and notify, webauthn:extension:largeBlob: true, webauthn:virtualAuthenticators: true}
Session ID: 9360d0d33a994737bc93aaf75056f00f]]>
            </message>
            <full-stacktrace>
              <![CDATA[org.openqa.selenium.ElementNotInteractableException: element not interactable
  (Session info: chrome=90.0.4430.212)
Build info: version: '4.0.0-alpha-1', revision: 'd1d3728cae', time: '2019-04-24T13:42:21'
System info: host: 'ARPGL001447', ip: '10.196.155.252', os.name: 'Windows 10', os.arch: 'amd64', os.version: '10.0', java.version: '1.8.0_91'
Driver info: org.openqa.selenium.chrome.ChromeDriver
Capabilities {acceptInsecureCerts: false, browserName: chrome, browserVersion: 90.0.4430.212, chrome: {chromedriverVersion: 90.0.4430.24 (4c6d850f087da..., userDataDir: C:\Users\MAYUR_~1\AppData\L...}, goog:chromeOptions: {debuggerAddress: localhost:50766}, javascriptEnabled: true, networkConnectionEnabled: false, pageLoadStrategy: normal, platform: WINDOWS, platformName: WINDOWS, proxy: Proxy(), setWindowRect: true, strictFileInteractability: false, timeouts: {implicit: 0, pageLoad: 300000, script: 30000}, unhandledPromptBehavior: dismiss and notify, webauthn:extension:largeBlob: true, webauthn:virtualAuthenticators: true}
Session ID: 9360d0d33a994737bc93aaf75056f00f
at sun.reflect.NativeConstructorAccessorImpl.newInstance0(Native Method)
at sun.reflect.NativeConstructorAccessorImpl.newInstance(NativeConstructorAccessorImpl.java:62)
at sun.reflect.DelegatingConstructorAccessorImpl.newInstance(DelegatingConstructorAccessorImpl.java:45)
at java.lang.reflect.Constructor.newInstance(Constructor.java:423)
at org.openqa.selenium.remote.codec.w3c.W3CHttpResponseCodec.createException(W3CHttpResponseCodec.java:190)
at org.openqa.selenium.remote.codec.w3c.W3CHttpResponseCodec.decode(W3CHttpResponseCodec.java:124)
at org.openqa.selenium.remote.codec.w3c.W3CHttpResponseCodec.decode(W3CHttpResponseCodec.java:51)
at org.openqa.selenium.remote.HttpCommandExecutor.execute(HttpCommandExecutor.java:161)
at org.openqa.selenium.remote.service.DriverCommandExecutor.execute(DriverCommandExecutor.java:83)
at org.openqa.selenium.remote.RemoteWebDriver.execute(RemoteWebDriver.java:577)
at org.openqa.selenium.remote.RemoteWebElement.execute(RemoteWebElement.java:308)
at org.openqa.selenium.remote.RemoteWebElement.sendKeys(RemoteWebElement.java:107)
at com.selenium.pages.Basepage.sendkeys(Basepage.java:17)
at com.selenium.pages.AccountManagerLoginPage.enterPassword(AccountManagerLoginPage.java:30)
at com.selenium.AccountManagerLoginPageTest.newtest(AccountManagerLoginPageTest.java:33)
at sun.reflect.NativeMethodAccessorImpl.invoke0(Native Method)
at sun.reflect.NativeMethodAccessorImpl.invoke(NativeMethodAccessorImpl.java:62)
at sun.reflect.DelegatingMethodAccessorImpl.invoke(DelegatingMethodAccessorImpl.java:43)
at java.lang.reflect.Method.invoke(Method.java:498)
at org.testng.internal.MethodInvocationHelper.invokeMethod(MethodInvocationHelper.java:132)
at org.testng.internal.TestInvoker.invokeMethod(TestInvoker.java:599)
at org.testng.internal.TestInvoker.invokeTestMethod(TestInvoker.java:174)
at org.testng.internal.MethodRunner.runInSequence(MethodRunner.java:46)
at org.testng.internal.TestInvoker$MethodInvocationAgent.invoke(TestInvoker.java:822)
at org.testng.internal.TestInvoker.invokeTestMethods(TestInvoker.java:147)
at org.testng.internal.TestMethodWorker.invokeTestMethods(TestMethodWorker.java:146)
at org.testng.internal.TestMethodWorker.run(TestMethodWorker.java:128)
at java.util.concurrent.ThreadPoolExecutor.runWorker(ThreadPoolExecutor.java:1142)
at java.util.concurrent.ThreadPoolExecutor$Worker.run(ThreadPoolExecutor.java:617)
at java.lang.Thread.run(Thread.java:745)
]]>
            </full-stacktrace>
          </exception> <!-- org.openqa.selenium.ElementNotInteractableException -->
          <reporter-output>
          </reporter-output>
        </test-method> <!-- newtest -->
        <test-method status="PASS" signature="tearDown(org.testng.ITestResult)[pri:0, instance:com.selenium.AccountManagerLoginPageTest@631330c]" name="tearDown" is-config="true" duration-ms="1360" started-at="2021-06-07T20:39:11 IST" finished-at="2021-06-07T20:39:12 IST">
          <params>
            <param index="0">
              <value>
                <![CDATA[[TestResult name=newtest status=SKIP method=AccountManagerLoginPageTest.newtest(java.util.Map)[pri:0, instance:com.selenium.AccountManagerLoginPageTest@631330c] output={null}]]]>
              </value>
            </param>
          </params>
          <reporter-output>
          </reporter-output>
        </test-method> <!-- tearDown -->
        <test-method status="PASS" signature="setup(java.lang.reflect.Method)[pri:0, instance:com.selenium.AccountManagerLoginPageTest@631330c]" name="setup" is-config="true" duration-ms="16302" started-at="2021-06-07T20:39:12 IST" finished-at="2021-06-07T20:39:28 IST">
          <params>
            <param index="0">
              <value>
                <![CDATA[public void com.selenium.AccountManagerLoginPageTest.newtest(java.util.Map) throws java.lang.Exception]]>
              </value>
            </param>
          </params>
          <reporter-output>
          </reporter-output>
        </test-method> <!-- setup -->
        <test-method status="FAIL" signature="newtest(java.util.Map)[pri:0, instance:com.selenium.AccountManagerLoginPageTest@631330c]" name="newtest" duration-ms="4104" started-at="2021-06-07T20:39:28 IST" description="To Test" finished-at="2021-06-07T20:39:32 IST">
          <params>
            <param index="0">
              <value>
                <![CDATA[{password=admin123, testname=newtest, execute=yes, username=admin}]]>
              </value>
            </param>
          </params>
          <exception class="org.openqa.selenium.ElementNotInteractableException">
            <message>
              <![CDATA[element not interactable
  (Session info: chrome=90.0.4430.212)
Build info: version: '4.0.0-alpha-1', revision: 'd1d3728cae', time: '2019-04-24T13:42:21'
System info: host: 'ARPGL001447', ip: '10.196.155.252', os.name: 'Windows 10', os.arch: 'amd64', os.version: '10.0', java.version: '1.8.0_91'
Driver info: org.openqa.selenium.chrome.ChromeDriver
Capabilities {acceptInsecureCerts: false, browserName: chrome, browserVersion: 90.0.4430.212, chrome: {chromedriverVersion: 90.0.4430.24 (4c6d850f087da..., userDataDir: C:\Users\MAYUR_~1\AppData\L...}, goog:chromeOptions: {debuggerAddress: localhost:50800}, javascriptEnabled: true, networkConnectionEnabled: false, pageLoadStrategy: normal, platform: WINDOWS, platformName: WINDOWS, proxy: Proxy(), setWindowRect: true, strictFileInteractability: false, timeouts: {implicit: 0, pageLoad: 300000, script: 30000}, unhandledPromptBehavior: dismiss and notify, webauthn:extension:largeBlob: true, webauthn:virtualAuthenticators: true}
Session ID: 68ac63919666dffd7c84bb4a6f8f0de3]]>
            </message>
            <full-stacktrace>
              <![CDATA[org.openqa.selenium.ElementNotInteractableException: element not interactable
  (Session info: chrome=90.0.4430.212)
Build info: version: '4.0.0-alpha-1', revision: 'd1d3728cae', time: '2019-04-24T13:42:21'
System info: host: 'ARPGL001447', ip: '10.196.155.252', os.name: 'Windows 10', os.arch: 'amd64', os.version: '10.0', java.version: '1.8.0_91'
Driver info: org.openqa.selenium.chrome.ChromeDriver
Capabilities {acceptInsecureCerts: false, browserName: chrome, browserVersion: 90.0.4430.212, chrome: {chromedriverVersion: 90.0.4430.24 (4c6d850f087da..., userDataDir: C:\Users\MAYUR_~1\AppData\L...}, goog:chromeOptions: {debuggerAddress: localhost:50800}, javascriptEnabled: true, networkConnectionEnabled: false, pageLoadStrategy: normal, platform: WINDOWS, platformName: WINDOWS, proxy: Proxy(), setWindowRect: true, strictFileInteractability: false, timeouts: {implicit: 0, pageLoad: 300000, script: 30000}, unhandledPromptBehavior: dismiss and notify, webauthn:extension:largeBlob: true, webauthn:virtualAuthenticators: true}
Session ID: 68ac63919666dffd7c84bb4a6f8f0de3
at sun.reflect.NativeConstructorAccessorImpl.newInstance0(Native Method)
at sun.reflect.NativeConstructorAccessorImpl.newInstance(NativeConstructorAccessorImpl.java:62)
at sun.reflect.DelegatingConstructorAccessorImpl.newInstance(DelegatingConstructorAccessorImpl.java:45)
at java.lang.reflect.Constructor.newInstance(Constructor.java:423)
at org.openqa.selenium.remote.codec.w3c.W3CHttpResponseCodec.createException(W3CHttpResponseCodec.java:190)
at org.openqa.selenium.remote.codec.w3c.W3CHttpResponseCodec.decode(W3CHttpResponseCodec.java:124)
at org.openqa.selenium.remote.codec.w3c.W3CHttpResponseCodec.decode(W3CHttpResponseCodec.java:51)
at org.openqa.selenium.remote.HttpCommandExecutor.execute(HttpCommandExecutor.java:161)
at org.openqa.selenium.remote.service.DriverCommandExecutor.execute(DriverCommandExecutor.java:83)
at org.openqa.selenium.remote.RemoteWebDriver.execute(RemoteWebDriver.java:577)
at org.openqa.selenium.remote.RemoteWebElement.execute(RemoteWebElement.java:308)
at org.openqa.selenium.remote.RemoteWebElement.sendKeys(RemoteWebElement.java:107)
at com.selenium.pages.Basepage.sendkeys(Basepage.java:17)
at com.selenium.pages.AccountManagerLoginPage.enterPassword(AccountManagerLoginPage.java:30)
at com.selenium.AccountManagerLoginPageTest.newtest(AccountManagerLoginPageTest.java:33)
at sun.reflect.NativeMethodAccessorImpl.invoke0(Native Method)
at sun.reflect.NativeMethodAccessorImpl.invoke(NativeMethodAccessorImpl.java:62)
at sun.reflect.DelegatingMethodAccessorImpl.invoke(DelegatingMethodAccessorImpl.java:43)
at java.lang.reflect.Method.invoke(Method.java:498)
at org.testng.internal.MethodInvocationHelper.invokeMethod(MethodInvocationHelper.java:132)
at org.testng.internal.TestInvoker.invokeMethod(TestInvoker.java:599)
at org.testng.internal.TestInvoker.retryFailed(TestInvoker.java:214)
at org.testng.internal.MethodRunner.runInSequence(MethodRunner.java:58)
at org.testng.internal.TestInvoker$MethodInvocationAgent.invoke(TestInvoker.java:822)
at org.testng.internal.TestInvoker.invokeTestMethods(TestInvoker.java:147)
at org.testng.internal.TestMethodWorker.invokeTestMethods(TestMethodWorker.java:146)
at org.testng.internal.TestMethodWorker.run(TestMethodWorker.java:128)
at java.util.concurrent.ThreadPoolExecutor.runWorker(ThreadPoolExecutor.java:1142)
at java.util.concurrent.ThreadPoolExecutor$Worker.run(ThreadPoolExecutor.java:617)
at java.lang.Thread.run(Thread.java:745)
]]>
            </full-stacktrace>
          </exception> <!-- org.openqa.selenium.ElementNotInteractableException -->
          <reporter-output>
          </reporter-output>
        </test-method> <!-- newtest -->
        <test-method status="PASS" signature="tearDown(org.testng.ITestResult)[pri:0, instance:com.selenium.AccountManagerLoginPageTest@631330c]" name="tearDown" is-config="true" duration-ms="1590" started-at="2021-06-07T20:39:34 IST" finished-at="2021-06-07T20:39:35 IST">
          <params>
            <param index="0">
              <value>
                <![CDATA[[TestResult name=newtest status=FAILURE method=AccountManagerLoginPageTest.newtest(java.util.Map)[pri:0, instance:com.selenium.AccountManagerLoginPageTest@631330c] output={null}]]]>
              </value>
            </param>
          </params>
          <reporter-output>
          </reporter-output>
        </test-method> <!-- tearDown -->
      </class> <!-- com.selenium.AccountManagerLoginPageTest -->
    </test> <!-- Test -->
  </suite> <!-- Suite -->
</testng-results>
