<?xml version="1.0" encoding="UTF-8"?>
<testng-results skipped="0" failed="2" ignored="0" total="2" passed="0">
  <reporter-output>
  </reporter-output>
  <suite name="Suite" duration-ms="146270" started-at="2021-06-15T19:28:31 IST" finished-at="2021-06-15T19:30:57 IST">
    <groups>
    </groups>
    <test name="Test" duration-ms="146270" started-at="2021-06-15T19:28:31 IST" finished-at="2021-06-15T19:30:57 IST">
      <class name="com.selenium.AdminConsolePageTest">
        <test-method status="PASS" signature="setup([Ljava.lang.Object;)[pri:0, instance:com.selenium.AdminConsolePageTest@62bd765]" name="setup" is-config="true" duration-ms="12366" started-at="2021-06-15T19:28:32 IST" finished-at="2021-06-15T19:28:44 IST">
          <params>
            <param index="0">
              <value>
                <![CDATA[[Ljava.lang.Object;@7e8dcdaa]]>
              </value>
            </param>
          </params>
          <reporter-output>
          </reporter-output>
        </test-method> <!-- setup -->
        <test-method status="FAIL" signature="verifyNewUser(java.util.Map)[pri:0, instance:com.selenium.AdminConsolePageTest@62bd765]" name="verifyNewUser" duration-ms="66252" started-at="2021-06-15T19:28:44 IST" description="To verify creation of new user" finished-at="2021-06-15T19:29:50 IST">
          <params>
            <param index="0">
              <value>
                <![CDATA[{password=ThorMigration@12345, firstname=Mayur, browser=chrome, run=yes, testname=verifyNewUser, menu=Add & manage users, primaryemail=testautomation0504@gmail.com, username=QATHOR1005MIG, lastname=Sapre}]]>
              </value>
            </param>
          </params>
          <exception class="org.openqa.selenium.ElementClickInterceptedException">
            <message>
              <![CDATA[element click intercepted: Element <a aria-disabled="false" target="_self" color="primary" role="button" tabindex="0" class="sc-djWQLY jdQvrH sc-gIBoTZ hNFqki btn-tertiary " data-id="CREATE_USER_INIT_CAP">...</a> is not clickable at point (1200, 90). Other element would receive the click: <div data-id="loader" data-test-id="loader" class="sc-iJKOzS hiLXog">...</div>
  (Session info: chrome=90.0.4430.212)
Build info: version: '4.0.0-alpha-1', revision: 'd1d3728cae', time: '2019-04-24T13:42:21'
System info: host: 'ARPGL001447', ip: '192.168.0.101', os.name: 'Windows 10', os.arch: 'amd64', os.version: '10.0', java.version: '1.8.0_91'
Driver info: org.openqa.selenium.chrome.ChromeDriver
Capabilities {acceptInsecureCerts: false, browserName: chrome, browserVersion: 90.0.4430.212, chrome: {chromedriverVersion: 90.0.4430.24 (4c6d850f087da..., userDataDir: C:\Users\MAYUR_~1\AppData\L...}, goog:chromeOptions: {debuggerAddress: localhost:61795}, javascriptEnabled: true, networkConnectionEnabled: false, pageLoadStrategy: normal, platform: WINDOWS, platformName: WINDOWS, proxy: Proxy(), setWindowRect: true, strictFileInteractability: false, timeouts: {implicit: 0, pageLoad: 300000, script: 30000}, unhandledPromptBehavior: dismiss and notify, webauthn:extension:largeBlob: true, webauthn:virtualAuthenticators: true}
Session ID: 3732708dc8b6f9e79d4e8b729c4be9a5]]>
            </message>
            <full-stacktrace>
              <![CDATA[org.openqa.selenium.ElementClickInterceptedException: element click intercepted: Element <a aria-disabled="false" target="_self" color="primary" role="button" tabindex="0" class="sc-djWQLY jdQvrH sc-gIBoTZ hNFqki btn-tertiary " data-id="CREATE_USER_INIT_CAP">...</a> is not clickable at point (1200, 90). Other element would receive the click: <div data-id="loader" data-test-id="loader" class="sc-iJKOzS hiLXog">...</div>
  (Session info: chrome=90.0.4430.212)
Build info: version: '4.0.0-alpha-1', revision: 'd1d3728cae', time: '2019-04-24T13:42:21'
System info: host: 'ARPGL001447', ip: '192.168.0.101', os.name: 'Windows 10', os.arch: 'amd64', os.version: '10.0', java.version: '1.8.0_91'
Driver info: org.openqa.selenium.chrome.ChromeDriver
Capabilities {acceptInsecureCerts: false, browserName: chrome, browserVersion: 90.0.4430.212, chrome: {chromedriverVersion: 90.0.4430.24 (4c6d850f087da..., userDataDir: C:\Users\MAYUR_~1\AppData\L...}, goog:chromeOptions: {debuggerAddress: localhost:61795}, javascriptEnabled: true, networkConnectionEnabled: false, pageLoadStrategy: normal, platform: WINDOWS, platformName: WINDOWS, proxy: Proxy(), setWindowRect: true, strictFileInteractability: false, timeouts: {implicit: 0, pageLoad: 300000, script: 30000}, unhandledPromptBehavior: dismiss and notify, webauthn:extension:largeBlob: true, webauthn:virtualAuthenticators: true}
Session ID: 3732708dc8b6f9e79d4e8b729c4be9a5
at sun.reflect.NativeConstructorAccessorImpl.newInstance0(Native Method)
at sun.reflect.NativeConstructorAccessorImpl.newInstance(NativeConstructorAccessorImpl.java:62)
at sun.reflect.DelegatingConstructorAccessorImpl.newInstance(DelegatingConstructorAccessorImpl.java:45)
at java.lang.reflect.Constructor.newInstance(Constructor.java:423)
at org.openqa.selenium.remote.codec.w3c.W3CHttpResponseCodec.createException(W3CHttpResponseCodec.java:190)
at org.openqa.selenium.remote.codec.w3c.W3CHttpResponseCodec.decode(W3CHttpResponseCodec.java:124)
at org.openqa.selenium.remote.codec.w3c.W3CHttpResponseCodec.decode(W3CHttpResponseCodec.java:51)
at org.openqa.selenium.remote.HttpCommandExecutor.execute(HttpCommandExecutor.java:161)
at org.openqa.selenium.remote.service.DriverCommandExecutor.execute(DriverCommandExecutor.java:83)
at org.openqa.selenium.remote.RemoteWebDriver.execute(RemoteWebDriver.java:577)
at org.openqa.selenium.remote.RemoteWebElement.execute(RemoteWebElement.java:308)
at org.openqa.selenium.remote.RemoteWebElement.click(RemoteWebElement.java:83)
at com.selenium.pages.Basepage.click(Basepage.java:15)
at com.selenium.pages.AddUsersPage.createNewUser(AddUsersPage.java:23)
at com.selenium.AdminConsolePageTest.verifyNewUser(AdminConsolePageTest.java:33)
at sun.reflect.NativeMethodAccessorImpl.invoke0(Native Method)
at sun.reflect.NativeMethodAccessorImpl.invoke(NativeMethodAccessorImpl.java:62)
at sun.reflect.DelegatingMethodAccessorImpl.invoke(DelegatingMethodAccessorImpl.java:43)
at java.lang.reflect.Method.invoke(Method.java:498)
at org.testng.internal.MethodInvocationHelper.invokeMethod(MethodInvocationHelper.java:132)
at org.testng.internal.TestInvoker.invokeMethod(TestInvoker.java:599)
at org.testng.internal.TestInvoker.invokeTestMethod(TestInvoker.java:174)
at org.testng.internal.MethodRunner.runInSequence(MethodRunner.java:46)
at org.testng.internal.TestInvoker$MethodInvocationAgent.invoke(TestInvoker.java:822)
at org.testng.internal.TestInvoker.invokeTestMethods(TestInvoker.java:147)
at org.testng.internal.TestMethodWorker.invokeTestMethods(TestMethodWorker.java:146)
at org.testng.internal.TestMethodWorker.run(TestMethodWorker.java:128)
at java.util.concurrent.ThreadPoolExecutor.runWorker(ThreadPoolExecutor.java:1142)
at java.util.concurrent.ThreadPoolExecutor$Worker.run(ThreadPoolExecutor.java:617)
at java.lang.Thread.run(Thread.java:745)
]]>
            </full-stacktrace>
          </exception> <!-- org.openqa.selenium.ElementClickInterceptedException -->
          <reporter-output>
          </reporter-output>
        </test-method> <!-- verifyNewUser -->
        <test-method status="PASS" signature="tearDown(org.testng.ITestResult)[pri:0, instance:com.selenium.AdminConsolePageTest@62bd765]" name="tearDown" is-config="true" duration-ms="1148" started-at="2021-06-15T19:29:51 IST" finished-at="2021-06-15T19:29:52 IST">
          <params>
            <param index="0">
              <value>
                <![CDATA[[TestResult name=verifyNewUser status=FAILURE method=AdminConsolePageTest.verifyNewUser(java.util.Map)[pri:0, instance:com.selenium.AdminConsolePageTest@62bd765] output={null}]]]>
              </value>
            </param>
          </params>
          <reporter-output>
          </reporter-output>
        </test-method> <!-- tearDown -->
        <test-method status="PASS" signature="setup([Ljava.lang.Object;)[pri:0, instance:com.selenium.AdminConsolePageTest@62bd765]" name="setup" is-config="true" duration-ms="6789" started-at="2021-06-15T19:29:52 IST" finished-at="2021-06-15T19:29:59 IST">
          <params>
            <param index="0">
              <value>
                <![CDATA[[Ljava.lang.Object;@681a8b4e]]>
              </value>
            </param>
          </params>
          <reporter-output>
          </reporter-output>
        </test-method> <!-- setup -->
        <test-method status="FAIL" signature="verifyNewUser(java.util.Map)[pri:0, instance:com.selenium.AdminConsolePageTest@62bd765]" name="verifyNewUser" duration-ms="56817" started-at="2021-06-15T19:29:59 IST" description="To verify creation of new user" finished-at="2021-06-15T19:30:55 IST">
          <params>
            <param index="0">
              <value>
                <![CDATA[{password=ThorMigration@12345, firstname=Mayur, browser=chrome, run=yes, testname=verifyNewUser, menu=Add & manage users, primaryemail=testautomation0504@gmail.com, username=QATHOR1005MIG, lastname=Sapre}]]>
              </value>
            </param>
          </params>
          <exception class="org.openqa.selenium.ElementClickInterceptedException">
            <message>
              <![CDATA[element click intercepted: Element <a aria-disabled="false" target="_self" color="primary" role="button" tabindex="0" class="sc-djWQLY jdQvrH sc-gIBoTZ hNFqki btn-tertiary " data-id="CREATE_USER_INIT_CAP">...</a> is not clickable at point (1200, 90). Other element would receive the click: <div data-id="loader" data-test-id="loader" class="sc-iJKOzS hiLXog">...</div>
  (Session info: chrome=90.0.4430.212)
Build info: version: '4.0.0-alpha-1', revision: 'd1d3728cae', time: '2019-04-24T13:42:21'
System info: host: 'ARPGL001447', ip: '192.168.0.101', os.name: 'Windows 10', os.arch: 'amd64', os.version: '10.0', java.version: '1.8.0_91'
Driver info: org.openqa.selenium.chrome.ChromeDriver
Capabilities {acceptInsecureCerts: false, browserName: chrome, browserVersion: 90.0.4430.212, chrome: {chromedriverVersion: 90.0.4430.24 (4c6d850f087da..., userDataDir: C:\Users\MAYUR_~1\AppData\L...}, goog:chromeOptions: {debuggerAddress: localhost:61911}, javascriptEnabled: true, networkConnectionEnabled: false, pageLoadStrategy: normal, platform: WINDOWS, platformName: WINDOWS, proxy: Proxy(), setWindowRect: true, strictFileInteractability: false, timeouts: {implicit: 0, pageLoad: 300000, script: 30000}, unhandledPromptBehavior: dismiss and notify, webauthn:extension:largeBlob: true, webauthn:virtualAuthenticators: true}
Session ID: 884d9b90dc311e540ec4768d7ed3abb9]]>
            </message>
            <full-stacktrace>
              <![CDATA[org.openqa.selenium.ElementClickInterceptedException: element click intercepted: Element <a aria-disabled="false" target="_self" color="primary" role="button" tabindex="0" class="sc-djWQLY jdQvrH sc-gIBoTZ hNFqki btn-tertiary " data-id="CREATE_USER_INIT_CAP">...</a> is not clickable at point (1200, 90). Other element would receive the click: <div data-id="loader" data-test-id="loader" class="sc-iJKOzS hiLXog">...</div>
  (Session info: chrome=90.0.4430.212)
Build info: version: '4.0.0-alpha-1', revision: 'd1d3728cae', time: '2019-04-24T13:42:21'
System info: host: 'ARPGL001447', ip: '192.168.0.101', os.name: 'Windows 10', os.arch: 'amd64', os.version: '10.0', java.version: '1.8.0_91'
Driver info: org.openqa.selenium.chrome.ChromeDriver
Capabilities {acceptInsecureCerts: false, browserName: chrome, browserVersion: 90.0.4430.212, chrome: {chromedriverVersion: 90.0.4430.24 (4c6d850f087da..., userDataDir: C:\Users\MAYUR_~1\AppData\L...}, goog:chromeOptions: {debuggerAddress: localhost:61911}, javascriptEnabled: true, networkConnectionEnabled: false, pageLoadStrategy: normal, platform: WINDOWS, platformName: WINDOWS, proxy: Proxy(), setWindowRect: true, strictFileInteractability: false, timeouts: {implicit: 0, pageLoad: 300000, script: 30000}, unhandledPromptBehavior: dismiss and notify, webauthn:extension:largeBlob: true, webauthn:virtualAuthenticators: true}
Session ID: 884d9b90dc311e540ec4768d7ed3abb9
at sun.reflect.NativeConstructorAccessorImpl.newInstance0(Native Method)
at sun.reflect.NativeConstructorAccessorImpl.newInstance(NativeConstructorAccessorImpl.java:62)
at sun.reflect.DelegatingConstructorAccessorImpl.newInstance(DelegatingConstructorAccessorImpl.java:45)
at java.lang.reflect.Constructor.newInstance(Constructor.java:423)
at org.openqa.selenium.remote.codec.w3c.W3CHttpResponseCodec.createException(W3CHttpResponseCodec.java:190)
at org.openqa.selenium.remote.codec.w3c.W3CHttpResponseCodec.decode(W3CHttpResponseCodec.java:124)
at org.openqa.selenium.remote.codec.w3c.W3CHttpResponseCodec.decode(W3CHttpResponseCodec.java:51)
at org.openqa.selenium.remote.HttpCommandExecutor.execute(HttpCommandExecutor.java:161)
at org.openqa.selenium.remote.service.DriverCommandExecutor.execute(DriverCommandExecutor.java:83)
at org.openqa.selenium.remote.RemoteWebDriver.execute(RemoteWebDriver.java:577)
at org.openqa.selenium.remote.RemoteWebElement.execute(RemoteWebElement.java:308)
at org.openqa.selenium.remote.RemoteWebElement.click(RemoteWebElement.java:83)
at com.selenium.pages.Basepage.click(Basepage.java:15)
at com.selenium.pages.AddUsersPage.createNewUser(AddUsersPage.java:23)
at com.selenium.AdminConsolePageTest.verifyNewUser(AdminConsolePageTest.java:33)
at sun.reflect.NativeMethodAccessorImpl.invoke0(Native Method)
at sun.reflect.NativeMethodAccessorImpl.invoke(NativeMethodAccessorImpl.java:62)
at sun.reflect.DelegatingMethodAccessorImpl.invoke(DelegatingMethodAccessorImpl.java:43)
at java.lang.reflect.Method.invoke(Method.java:498)
at org.testng.internal.MethodInvocationHelper.invokeMethod(MethodInvocationHelper.java:132)
at org.testng.internal.TestInvoker.invokeMethod(TestInvoker.java:599)
at org.testng.internal.TestInvoker.invokeTestMethod(TestInvoker.java:174)
at org.testng.internal.MethodRunner.runInSequence(MethodRunner.java:46)
at org.testng.internal.TestInvoker$MethodInvocationAgent.invoke(TestInvoker.java:822)
at org.testng.internal.TestInvoker.invokeTestMethods(TestInvoker.java:147)
at org.testng.internal.TestMethodWorker.invokeTestMethods(TestMethodWorker.java:146)
at org.testng.internal.TestMethodWorker.run(TestMethodWorker.java:128)
at java.util.concurrent.ThreadPoolExecutor.runWorker(ThreadPoolExecutor.java:1142)
at java.util.concurrent.ThreadPoolExecutor$Worker.run(ThreadPoolExecutor.java:617)
at java.lang.Thread.run(Thread.java:745)
]]>
            </full-stacktrace>
          </exception> <!-- org.openqa.selenium.ElementClickInterceptedException -->
          <reporter-output>
          </reporter-output>
        </test-method> <!-- verifyNewUser -->
        <test-method status="PASS" signature="tearDown(org.testng.ITestResult)[pri:0, instance:com.selenium.AdminConsolePageTest@62bd765]" name="tearDown" is-config="true" duration-ms="1201" started-at="2021-06-15T19:30:56 IST" finished-at="2021-06-15T19:30:57 IST">
          <params>
            <param index="0">
              <value>
                <![CDATA[[TestResult name=verifyNewUser status=FAILURE method=AdminConsolePageTest.verifyNewUser(java.util.Map)[pri:0, instance:com.selenium.AdminConsolePageTest@62bd765] output={null}]]]>
              </value>
            </param>
          </params>
          <reporter-output>
          </reporter-output>
        </test-method> <!-- tearDown -->
      </class> <!-- com.selenium.AdminConsolePageTest -->
    </test> <!-- Test -->
  </suite> <!-- Suite -->
</testng-results>
