<?xml version="1.0" encoding="UTF-8"?>
<testng-results skipped="0" failed="2" ignored="0" total="4" passed="2">
  <reporter-output>
  </reporter-output>
  <suite name="Suite" duration-ms="169540" started-at="2021-06-11T15:29:50 IST" finished-at="2021-06-11T15:32:40 IST">
    <groups>
    </groups>
    <test name="Test" duration-ms="169540" started-at="2021-06-11T15:29:50 IST" finished-at="2021-06-11T15:32:40 IST">
      <class name="com.selenium.AdminConsolePageTest">
        <test-method status="PASS" signature="setup([Ljava.lang.Object;)[pri:0, instance:com.selenium.AdminConsolePageTest@6a79c292]" name="setup" is-config="true" duration-ms="6724" started-at="2021-06-11T15:30:10 IST" finished-at="2021-06-11T15:30:17 IST">
          <params>
            <param index="0">
              <value>
                <![CDATA[[Ljava.lang.Object;@56e8b606]]>
              </value>
            </param>
          </params>
          <reporter-output>
          </reporter-output>
        </test-method> <!-- setup -->
        <test-method status="PASS" signature="verifyNewUser(java.util.Map)[pri:0, instance:com.selenium.AdminConsolePageTest@6a79c292]" name="verifyNewUser" duration-ms="72334" started-at="2021-06-11T15:30:17 IST" description="To verify creation of new user" finished-at="2021-06-11T15:31:29 IST">
          <params>
            <param index="0">
              <value>
                <![CDATA[{password=ThorMigration@12345, firstname=Mayur, browser=chrome, testname=verifyNewUser, menu=Add & manage users, execute=yes, primaryemail=testautomation0504@gmail.com, username=QATHOR1005MIG, lastname=Sapre}]]>
              </value>
            </param>
          </params>
          <reporter-output>
          </reporter-output>
        </test-method> <!-- verifyNewUser -->
        <test-method status="PASS" signature="tearDown(org.testng.ITestResult)[pri:0, instance:com.selenium.AdminConsolePageTest@6a79c292]" name="tearDown" is-config="true" duration-ms="1197" started-at="2021-06-11T15:31:29 IST" finished-at="2021-06-11T15:31:30 IST">
          <params>
            <param index="0">
              <value>
                <![CDATA[[TestResult name=verifyNewUser status=SUCCESS method=AdminConsolePageTest.verifyNewUser(java.util.Map)[pri:0, instance:com.selenium.AdminConsolePageTest@6a79c292] output={null}]]]>
              </value>
            </param>
          </params>
          <reporter-output>
          </reporter-output>
        </test-method> <!-- tearDown -->
        <test-method status="PASS" signature="setup([Ljava.lang.Object;)[pri:0, instance:com.selenium.AdminConsolePageTest@6a79c292]" name="setup" is-config="true" duration-ms="6194" started-at="2021-06-11T15:31:30 IST" finished-at="2021-06-11T15:31:37 IST">
          <params>
            <param index="0">
              <value>
                <![CDATA[[Ljava.lang.Object;@2dd29a59]]>
              </value>
            </param>
          </params>
          <reporter-output>
          </reporter-output>
        </test-method> <!-- setup -->
        <test-method status="PASS" signature="verifyNewUser(java.util.Map)[pri:0, instance:com.selenium.AdminConsolePageTest@6a79c292]" name="verifyNewUser" duration-ms="61880" started-at="2021-06-11T15:31:37 IST" description="To verify creation of new user" finished-at="2021-06-11T15:32:38 IST">
          <params>
            <param index="0">
              <value>
                <![CDATA[{password=ThorMigration@12345, firstname=Mayur, browser=chrome, testname=verifyNewUser, menu=Add & manage users, execute=yes, primaryemail=testautomation0504@gmail.com, username=QATHOR1005MIG, lastname=Sapre}]]>
              </value>
            </param>
          </params>
          <reporter-output>
          </reporter-output>
        </test-method> <!-- verifyNewUser -->
        <test-method status="PASS" signature="tearDown(org.testng.ITestResult)[pri:0, instance:com.selenium.AdminConsolePageTest@6a79c292]" name="tearDown" is-config="true" duration-ms="1125" started-at="2021-06-11T15:32:38 IST" finished-at="2021-06-11T15:32:40 IST">
          <params>
            <param index="0">
              <value>
                <![CDATA[[TestResult name=verifyNewUser status=SUCCESS method=AdminConsolePageTest.verifyNewUser(java.util.Map)[pri:0, instance:com.selenium.AdminConsolePageTest@6a79c292] output={null}]]]>
              </value>
            </param>
          </params>
          <reporter-output>
          </reporter-output>
        </test-method> <!-- tearDown -->
      </class> <!-- com.selenium.AdminConsolePageTest -->
      <class name="com.selenium.AccountManagerLoginPageTest">
        <test-method status="PASS" signature="setup([Ljava.lang.Object;)[pri:0, instance:com.selenium.AccountManagerLoginPageTest@1372ed45]" name="setup" is-config="true" duration-ms="9859" started-at="2021-06-11T15:29:51 IST" finished-at="2021-06-11T15:30:01 IST">
          <params>
            <param index="0">
              <value>
                <![CDATA[[Ljava.lang.Object;@fcb4004]]>
              </value>
            </param>
          </params>
          <reporter-output>
          </reporter-output>
        </test-method> <!-- setup -->
        <test-method status="FAIL" signature="newtest(java.util.Map)[pri:0, instance:com.selenium.AccountManagerLoginPageTest@1372ed45]" name="newtest" duration-ms="13" started-at="2021-06-11T15:30:01 IST" description="To Test" finished-at="2021-06-11T15:30:01 IST">
          <params>
            <param index="0">
              <value>
                <![CDATA[{password=ThorMigration@12345, firstname=, browser=chrome, testname=newtest, menu=, execute=yes, primaryemail=, username=QATHOR1005MIG, lastname=}]]>
              </value>
            </param>
          </params>
          <exception class="java.lang.NullPointerException">
            <full-stacktrace>
              <![CDATA[java.lang.NullPointerException
at com.selenium.listeners.ListnerClass.onTestStart(ListnerClass.java:21)
at org.testng.internal.TestListenerHelper.runTestListeners(TestListenerHelper.java:103)
at org.testng.internal.TestInvoker.runTestResultListener(TestInvoker.java:220)
at org.testng.internal.TestInvoker.invokeMethod(TestInvoker.java:572)
at org.testng.internal.TestInvoker.invokeTestMethod(TestInvoker.java:174)
at org.testng.internal.MethodRunner.runInSequence(MethodRunner.java:46)
at org.testng.internal.TestInvoker$MethodInvocationAgent.invoke(TestInvoker.java:822)
at org.testng.internal.TestInvoker.invokeTestMethods(TestInvoker.java:147)
at org.testng.internal.TestMethodWorker.invokeTestMethods(TestMethodWorker.java:146)
at org.testng.internal.TestMethodWorker.run(TestMethodWorker.java:128)
at java.util.concurrent.ThreadPoolExecutor.runWorker(ThreadPoolExecutor.java:1142)
at java.util.concurrent.ThreadPoolExecutor$Worker.run(ThreadPoolExecutor.java:617)
at java.lang.Thread.run(Thread.java:745)
]]>
            </full-stacktrace>
          </exception> <!-- java.lang.NullPointerException -->
          <reporter-output>
          </reporter-output>
        </test-method> <!-- newtest -->
        <test-method status="PASS" signature="tearDown(org.testng.ITestResult)[pri:0, instance:com.selenium.AccountManagerLoginPageTest@1372ed45]" name="tearDown" is-config="true" duration-ms="1113" started-at="2021-06-11T15:30:01 IST" finished-at="2021-06-11T15:30:02 IST">
          <params>
            <param index="0">
              <value>
                <![CDATA[[TestResult name=newtest status=FAILURE method=AccountManagerLoginPageTest.newtest(java.util.Map)[pri:0, instance:com.selenium.AccountManagerLoginPageTest@1372ed45] output={null}]]]>
              </value>
            </param>
          </params>
          <reporter-output>
          </reporter-output>
        </test-method> <!-- tearDown -->
        <test-method status="PASS" signature="setup([Ljava.lang.Object;)[pri:0, instance:com.selenium.AccountManagerLoginPageTest@1372ed45]" name="setup" is-config="true" duration-ms="6119" started-at="2021-06-11T15:30:02 IST" finished-at="2021-06-11T15:30:09 IST">
          <params>
            <param index="0">
              <value>
                <![CDATA[[Ljava.lang.Object;@1dd6d4b7]]>
              </value>
            </param>
          </params>
          <reporter-output>
          </reporter-output>
        </test-method> <!-- setup -->
        <test-method status="FAIL" signature="newtest(java.util.Map)[pri:0, instance:com.selenium.AccountManagerLoginPageTest@1372ed45]" name="newtest" duration-ms="2" started-at="2021-06-11T15:30:09 IST" description="To Test" finished-at="2021-06-11T15:30:09 IST">
          <params>
            <param index="0">
              <value>
                <![CDATA[{password=admin123, firstname=, browser=chrome, testname=newtest, menu=, execute=yes, primaryemail=, username=admin, lastname=}]]>
              </value>
            </param>
          </params>
          <exception class="java.lang.NullPointerException">
            <full-stacktrace>
              <![CDATA[java.lang.NullPointerException
at com.selenium.listeners.ListnerClass.onTestStart(ListnerClass.java:21)
at org.testng.internal.TestListenerHelper.runTestListeners(TestListenerHelper.java:103)
at org.testng.internal.TestInvoker.runTestResultListener(TestInvoker.java:220)
at org.testng.internal.TestInvoker.invokeMethod(TestInvoker.java:572)
at org.testng.internal.TestInvoker.invokeTestMethod(TestInvoker.java:174)
at org.testng.internal.MethodRunner.runInSequence(MethodRunner.java:46)
at org.testng.internal.TestInvoker$MethodInvocationAgent.invoke(TestInvoker.java:822)
at org.testng.internal.TestInvoker.invokeTestMethods(TestInvoker.java:147)
at org.testng.internal.TestMethodWorker.invokeTestMethods(TestMethodWorker.java:146)
at org.testng.internal.TestMethodWorker.run(TestMethodWorker.java:128)
at java.util.concurrent.ThreadPoolExecutor.runWorker(ThreadPoolExecutor.java:1142)
at java.util.concurrent.ThreadPoolExecutor$Worker.run(ThreadPoolExecutor.java:617)
at java.lang.Thread.run(Thread.java:745)
]]>
            </full-stacktrace>
          </exception> <!-- java.lang.NullPointerException -->
          <reporter-output>
          </reporter-output>
        </test-method> <!-- newtest -->
        <test-method status="PASS" signature="tearDown(org.testng.ITestResult)[pri:0, instance:com.selenium.AccountManagerLoginPageTest@1372ed45]" name="tearDown" is-config="true" duration-ms="1029" started-at="2021-06-11T15:30:09 IST" finished-at="2021-06-11T15:30:10 IST">
          <params>
            <param index="0">
              <value>
                <![CDATA[[TestResult name=newtest status=FAILURE method=AccountManagerLoginPageTest.newtest(java.util.Map)[pri:0, instance:com.selenium.AccountManagerLoginPageTest@1372ed45] output={null}]]]>
              </value>
            </param>
          </params>
          <reporter-output>
          </reporter-output>
        </test-method> <!-- tearDown -->
      </class> <!-- com.selenium.AccountManagerLoginPageTest -->
    </test> <!-- Test -->
  </suite> <!-- Suite -->
</testng-results>
